{
  "stats": {
    "suites": 68,
    "tests": 375,
    "passes": 375,
    "pending": 0,
    "failures": 0,
    "start": "2023-07-03T13:01:40.682Z",
    "end": "2023-07-03T13:01:42.121Z",
    "duration": 1439,
    "testsRegistered": 375,
    "passPercent": 100,
    "pendingPercent": 0,
    "other": 0,
    "hasOther": false,
    "skipped": 0,
    "hasSkipped": false
  },
  "results": [
    {
      "uuid": "6ad46c7e-56be-4ef2-895a-07e80d412c8c",
      "title": "",
      "fullFile": "",
      "file": "",
      "beforeHooks": [],
      "afterHooks": [],
      "tests": [],
      "suites": [
        {
          "uuid": "5d0db857-cc62-4227-995f-92e212ba3fe3",
          "title": "Common APIs",
          "fullFile": "/Users/kiranjoshi/Documents/Nandu/projects/agc-node-api/test/agc.js",
          "file": "/test/agc.js",
          "beforeHooks": [
            {
              "title": "\"before each\" hook in \"Common APIs\"",
              "fullTitle": "Common APIs \"before each\" hook in \"Common APIs\"",
              "timedOut": false,
              "duration": 1,
              "state": null,
              "speed": null,
              "pass": false,
              "fail": false,
              "pending": false,
              "context": null,
              "code": "totalCases++;",
              "err": {},
              "uuid": "53a94650-20b2-4154-95df-26c900b8ddc8",
              "parentUUID": "5d0db857-cc62-4227-995f-92e212ba3fe3",
              "isHook": true,
              "skipped": false
            }
          ],
          "afterHooks": [],
          "tests": [],
          "suites": [
            {
              "uuid": "3c29c4f6-e84c-4704-bb96-d01d0e9ef49e",
              "title": "Get all users",
              "fullFile": "/Users/kiranjoshi/Documents/Nandu/projects/agc-node-api/test/agc.js",
              "file": "/test/agc.js",
              "beforeHooks": [],
              "afterHooks": [],
              "tests": [
                {
                  "title": "Should get all users",
                  "fullTitle": "Common APIs Get all users Should get all users",
                  "timedOut": false,
                  "duration": 6,
                  "state": "passed",
                  "speed": "fast",
                  "pass": true,
                  "fail": false,
                  "pending": false,
                  "context": null,
                  "code": "serv.getAllUsers()",
                  "err": {},
                  "uuid": "83a1ccea-7601-4bc9-9044-8bdefc288347",
                  "parentUUID": "3c29c4f6-e84c-4704-bb96-d01d0e9ef49e",
                  "isHook": false,
                  "skipped": false
                }
              ],
              "suites": [],
              "passes": [
                "83a1ccea-7601-4bc9-9044-8bdefc288347"
              ],
              "failures": [],
              "pending": [],
              "skipped": [],
              "duration": 6,
              "root": false,
              "rootEmpty": false,
              "_timeout": 2000
            },
            {
              "uuid": "dffcd9ef-e524-4de2-9699-aa7804d78be4",
              "title": "Get user notifications",
              "fullFile": "/Users/kiranjoshi/Documents/Nandu/projects/agc-node-api/test/agc.js",
              "file": "/test/agc.js",
              "beforeHooks": [],
              "afterHooks": [],
              "tests": [],
              "suites": [
                {
                  "uuid": "05ed8084-19b9-4eee-a05f-c2d6c9edb24b",
                  "title": "priya user notifications",
                  "fullFile": "/Users/kiranjoshi/Documents/Nandu/projects/agc-node-api/test/agc.js",
                  "file": "/test/agc.js",
                  "beforeHooks": [],
                  "afterHooks": [],
                  "tests": [
                    {
                      "title": "Should get notifications for priya user",
                      "fullTitle": "Common APIs Get user notifications priya user notifications Should get notifications for priya user",
                      "timedOut": false,
                      "duration": 1,
                      "state": "passed",
                      "speed": "fast",
                      "pass": true,
                      "fail": false,
                      "pending": false,
                      "context": null,
                      "code": "serv.getUserNotifications('priya')",
                      "err": {},
                      "uuid": "e5138c4f-203c-4a74-bc51-10a8c578b9db",
                      "parentUUID": "05ed8084-19b9-4eee-a05f-c2d6c9edb24b",
                      "isHook": false,
                      "skipped": false
                    }
                  ],
                  "suites": [],
                  "passes": [
                    "e5138c4f-203c-4a74-bc51-10a8c578b9db"
                  ],
                  "failures": [],
                  "pending": [],
                  "skipped": [],
                  "duration": 1,
                  "root": false,
                  "rootEmpty": false,
                  "_timeout": 2000
                },
                {
                  "uuid": "b882e958-8669-4dfc-bf0a-d889574323e2",
                  "title": "kiran user notifications",
                  "fullFile": "/Users/kiranjoshi/Documents/Nandu/projects/agc-node-api/test/agc.js",
                  "file": "/test/agc.js",
                  "beforeHooks": [],
                  "afterHooks": [],
                  "tests": [
                    {
                      "title": "Should get notifications for kiran user",
                      "fullTitle": "Common APIs Get user notifications kiran user notifications Should get notifications for kiran user",
                      "timedOut": false,
                      "duration": 0,
                      "state": "passed",
                      "speed": "fast",
                      "pass": true,
                      "fail": false,
                      "pending": false,
                      "context": null,
                      "code": "serv.getUserNotifications('kiran')",
                      "err": {},
                      "uuid": "89d49539-bf1b-48b8-ae85-bdb090b6e583",
                      "parentUUID": "b882e958-8669-4dfc-bf0a-d889574323e2",
                      "isHook": false,
                      "skipped": false
                    }
                  ],
                  "suites": [],
                  "passes": [
                    "89d49539-bf1b-48b8-ae85-bdb090b6e583"
                  ],
                  "failures": [],
                  "pending": [],
                  "skipped": [],
                  "duration": 0,
                  "root": false,
                  "rootEmpty": false,
                  "_timeout": 2000
                },
                {
                  "uuid": "58e51f78-0c06-4db8-a89e-d3218ab456e0",
                  "title": "padmapriya user notifications",
                  "fullFile": "/Users/kiranjoshi/Documents/Nandu/projects/agc-node-api/test/agc.js",
                  "file": "/test/agc.js",
                  "beforeHooks": [],
                  "afterHooks": [],
                  "tests": [
                    {
                      "title": "Should get notifications for padmapriya user",
                      "fullTitle": "Common APIs Get user notifications padmapriya user notifications Should get notifications for padmapriya user",
                      "timedOut": false,
                      "duration": 1,
                      "state": "passed",
                      "speed": "fast",
                      "pass": true,
                      "fail": false,
                      "pending": false,
                      "context": null,
                      "code": "serv.getUserNotifications('padmapriya')",
                      "err": {},
                      "uuid": "0455c039-3535-47b5-a118-42b3874374de",
                      "parentUUID": "58e51f78-0c06-4db8-a89e-d3218ab456e0",
                      "isHook": false,
                      "skipped": false
                    }
                  ],
                  "suites": [],
                  "passes": [
                    "0455c039-3535-47b5-a118-42b3874374de"
                  ],
                  "failures": [],
                  "pending": [],
                  "skipped": [],
                  "duration": 1,
                  "root": false,
                  "rootEmpty": false,
                  "_timeout": 2000
                },
                {
                  "uuid": "660c44d1-ac71-4148-9507-cc8269b2d018",
                  "title": "joshi user notifications",
                  "fullFile": "/Users/kiranjoshi/Documents/Nandu/projects/agc-node-api/test/agc.js",
                  "file": "/test/agc.js",
                  "beforeHooks": [],
                  "afterHooks": [],
                  "tests": [
                    {
                      "title": "Should get notifications for joshi user",
                      "fullTitle": "Common APIs Get user notifications joshi user notifications Should get notifications for joshi user",
                      "timedOut": false,
                      "duration": 1,
                      "state": "passed",
                      "speed": "fast",
                      "pass": true,
                      "fail": false,
                      "pending": false,
                      "context": null,
                      "code": "serv.getUserNotifications('joshi')",
                      "err": {},
                      "uuid": "da855772-4a5b-4b00-a007-a01982104e36",
                      "parentUUID": "660c44d1-ac71-4148-9507-cc8269b2d018",
                      "isHook": false,
                      "skipped": false
                    }
                  ],
                  "suites": [],
                  "passes": [
                    "da855772-4a5b-4b00-a007-a01982104e36"
                  ],
                  "failures": [],
                  "pending": [],
                  "skipped": [],
                  "duration": 1,
                  "root": false,
                  "rootEmpty": false,
                  "_timeout": 2000
                },
                {
                  "uuid": "0415aaec-b407-42a6-bd2e-e64be540159f",
                  "title": "pp user notifications",
                  "fullFile": "/Users/kiranjoshi/Documents/Nandu/projects/agc-node-api/test/agc.js",
                  "file": "/test/agc.js",
                  "beforeHooks": [],
                  "afterHooks": [],
                  "tests": [
                    {
                      "title": "Should get notifications for pp user",
                      "fullTitle": "Common APIs Get user notifications pp user notifications Should get notifications for pp user",
                      "timedOut": false,
                      "duration": 1,
                      "state": "passed",
                      "speed": "fast",
                      "pass": true,
                      "fail": false,
                      "pending": false,
                      "context": null,
                      "code": "serv.getUserNotifications('pp')",
                      "err": {},
                      "uuid": "736a972d-ed8a-457b-a9dc-04d96ea1195f",
                      "parentUUID": "0415aaec-b407-42a6-bd2e-e64be540159f",
                      "isHook": false,
                      "skipped": false
                    }
                  ],
                  "suites": [],
                  "passes": [
                    "736a972d-ed8a-457b-a9dc-04d96ea1195f"
                  ],
                  "failures": [],
                  "pending": [],
                  "skipped": [],
                  "duration": 1,
                  "root": false,
                  "rootEmpty": false,
                  "_timeout": 2000
                },
                {
                  "uuid": "00c60dc3-7eb4-47f7-aab7-23e23e5a6ab6",
                  "title": "kittu user notifications",
                  "fullFile": "/Users/kiranjoshi/Documents/Nandu/projects/agc-node-api/test/agc.js",
                  "file": "/test/agc.js",
                  "beforeHooks": [],
                  "afterHooks": [],
                  "tests": [
                    {
                      "title": "Should get notifications for kittu user",
                      "fullTitle": "Common APIs Get user notifications kittu user notifications Should get notifications for kittu user",
                      "timedOut": false,
                      "duration": 1,
                      "state": "passed",
                      "speed": "fast",
                      "pass": true,
                      "fail": false,
                      "pending": false,
                      "context": null,
                      "code": "serv.getUserNotifications('kittu')",
                      "err": {},
                      "uuid": "85f7f821-136a-4c85-9272-576daf1b200c",
                      "parentUUID": "00c60dc3-7eb4-47f7-aab7-23e23e5a6ab6",
                      "isHook": false,
                      "skipped": false
                    }
                  ],
                  "suites": [],
                  "passes": [
                    "85f7f821-136a-4c85-9272-576daf1b200c"
                  ],
                  "failures": [],
                  "pending": [],
                  "skipped": [],
                  "duration": 1,
                  "root": false,
                  "rootEmpty": false,
                  "_timeout": 2000
                },
                {
                  "uuid": "a6e2f877-55b7-4f8d-ae88-af612bcf5513",
                  "title": "ppriya user notifications",
                  "fullFile": "/Users/kiranjoshi/Documents/Nandu/projects/agc-node-api/test/agc.js",
                  "file": "/test/agc.js",
                  "beforeHooks": [],
                  "afterHooks": [],
                  "tests": [
                    {
                      "title": "Should get notifications for ppriya user",
                      "fullTitle": "Common APIs Get user notifications ppriya user notifications Should get notifications for ppriya user",
                      "timedOut": false,
                      "duration": 1,
                      "state": "passed",
                      "speed": "fast",
                      "pass": true,
                      "fail": false,
                      "pending": false,
                      "context": null,
                      "code": "serv.getUserNotifications('ppriya')",
                      "err": {},
                      "uuid": "e77513b8-508f-4855-99eb-f93950f2fd04",
                      "parentUUID": "a6e2f877-55b7-4f8d-ae88-af612bcf5513",
                      "isHook": false,
                      "skipped": false
                    }
                  ],
                  "suites": [],
                  "passes": [
                    "e77513b8-508f-4855-99eb-f93950f2fd04"
                  ],
                  "failures": [],
                  "pending": [],
                  "skipped": [],
                  "duration": 1,
                  "root": false,
                  "rootEmpty": false,
                  "_timeout": 2000
                }
              ],
              "passes": [],
              "failures": [],
              "pending": [],
              "skipped": [],
              "duration": 0,
              "root": false,
              "rootEmpty": false,
              "_timeout": 2000
            },
            {
              "uuid": "4b803da5-c8b7-441f-b4fa-67ef7d061c79",
              "title": "Get user divisions",
              "fullFile": "/Users/kiranjoshi/Documents/Nandu/projects/agc-node-api/test/agc.js",
              "file": "/test/agc.js",
              "beforeHooks": [],
              "afterHooks": [],
              "tests": [],
              "suites": [
                {
                  "uuid": "e06edb6a-a87c-4576-9353-82dda3b449fa",
                  "title": "priya user divisions",
                  "fullFile": "/Users/kiranjoshi/Documents/Nandu/projects/agc-node-api/test/agc.js",
                  "file": "/test/agc.js",
                  "beforeHooks": [],
                  "afterHooks": [],
                  "tests": [
                    {
                      "title": "Should get divisions for priya user",
                      "fullTitle": "Common APIs Get user divisions priya user divisions Should get divisions for priya user",
                      "timedOut": false,
                      "duration": 1,
                      "state": "passed",
                      "speed": "fast",
                      "pass": true,
                      "fail": false,
                      "pending": false,
                      "context": null,
                      "code": "serv.getUserDivisions('priya')",
                      "err": {},
                      "uuid": "bdac2ff6-72c4-4e88-ad9b-73f021c07320",
                      "parentUUID": "e06edb6a-a87c-4576-9353-82dda3b449fa",
                      "isHook": false,
                      "skipped": false
                    }
                  ],
                  "suites": [],
                  "passes": [
                    "bdac2ff6-72c4-4e88-ad9b-73f021c07320"
                  ],
                  "failures": [],
                  "pending": [],
                  "skipped": [],
                  "duration": 1,
                  "root": false,
                  "rootEmpty": false,
                  "_timeout": 2000
                },
                {
                  "uuid": "356a07c3-4038-4aea-9ac1-0f7a237d88cc",
                  "title": "kiran user divisions",
                  "fullFile": "/Users/kiranjoshi/Documents/Nandu/projects/agc-node-api/test/agc.js",
                  "file": "/test/agc.js",
                  "beforeHooks": [],
                  "afterHooks": [],
                  "tests": [
                    {
                      "title": "Should get divisions for kiran user",
                      "fullTitle": "Common APIs Get user divisions kiran user divisions Should get divisions for kiran user",
                      "timedOut": false,
                      "duration": 1,
                      "state": "passed",
                      "speed": "fast",
                      "pass": true,
                      "fail": false,
                      "pending": false,
                      "context": null,
                      "code": "serv.getUserDivisions('kiran')",
                      "err": {},
                      "uuid": "b3d90dab-0e99-4b3c-94e4-f4d3f820b7a3",
                      "parentUUID": "356a07c3-4038-4aea-9ac1-0f7a237d88cc",
                      "isHook": false,
                      "skipped": false
                    }
                  ],
                  "suites": [],
                  "passes": [
                    "b3d90dab-0e99-4b3c-94e4-f4d3f820b7a3"
                  ],
                  "failures": [],
                  "pending": [],
                  "skipped": [],
                  "duration": 1,
                  "root": false,
                  "rootEmpty": false,
                  "_timeout": 2000
                },
                {
                  "uuid": "dc1dd26b-e8a8-410e-89aa-33f39b5f056d",
                  "title": "padmapriya user divisions",
                  "fullFile": "/Users/kiranjoshi/Documents/Nandu/projects/agc-node-api/test/agc.js",
                  "file": "/test/agc.js",
                  "beforeHooks": [],
                  "afterHooks": [],
                  "tests": [
                    {
                      "title": "Should get divisions for padmapriya user",
                      "fullTitle": "Common APIs Get user divisions padmapriya user divisions Should get divisions for padmapriya user",
                      "timedOut": false,
                      "duration": 1,
                      "state": "passed",
                      "speed": "fast",
                      "pass": true,
                      "fail": false,
                      "pending": false,
                      "context": null,
                      "code": "serv.getUserDivisions('padmapriya')",
                      "err": {},
                      "uuid": "cb32a233-2702-47e0-ab92-80d9bb718482",
                      "parentUUID": "dc1dd26b-e8a8-410e-89aa-33f39b5f056d",
                      "isHook": false,
                      "skipped": false
                    }
                  ],
                  "suites": [],
                  "passes": [
                    "cb32a233-2702-47e0-ab92-80d9bb718482"
                  ],
                  "failures": [],
                  "pending": [],
                  "skipped": [],
                  "duration": 1,
                  "root": false,
                  "rootEmpty": false,
                  "_timeout": 2000
                },
                {
                  "uuid": "85b41b19-678e-4b83-9662-1d70e8d08dc7",
                  "title": "joshi user divisions",
                  "fullFile": "/Users/kiranjoshi/Documents/Nandu/projects/agc-node-api/test/agc.js",
                  "file": "/test/agc.js",
                  "beforeHooks": [],
                  "afterHooks": [],
                  "tests": [
                    {
                      "title": "Should get divisions for joshi user",
                      "fullTitle": "Common APIs Get user divisions joshi user divisions Should get divisions for joshi user",
                      "timedOut": false,
                      "duration": 0,
                      "state": "passed",
                      "speed": "fast",
                      "pass": true,
                      "fail": false,
                      "pending": false,
                      "context": null,
                      "code": "serv.getUserDivisions('joshi')",
                      "err": {},
                      "uuid": "191ea362-3077-490b-a95a-4c35e46f6e0d",
                      "parentUUID": "85b41b19-678e-4b83-9662-1d70e8d08dc7",
                      "isHook": false,
                      "skipped": false
                    }
                  ],
                  "suites": [],
                  "passes": [
                    "191ea362-3077-490b-a95a-4c35e46f6e0d"
                  ],
                  "failures": [],
                  "pending": [],
                  "skipped": [],
                  "duration": 0,
                  "root": false,
                  "rootEmpty": false,
                  "_timeout": 2000
                },
                {
                  "uuid": "c21bb84a-299a-413c-8ed9-a24cd2c6f44a",
                  "title": "pp user divisions",
                  "fullFile": "/Users/kiranjoshi/Documents/Nandu/projects/agc-node-api/test/agc.js",
                  "file": "/test/agc.js",
                  "beforeHooks": [],
                  "afterHooks": [],
                  "tests": [
                    {
                      "title": "Should get divisions for pp user",
                      "fullTitle": "Common APIs Get user divisions pp user divisions Should get divisions for pp user",
                      "timedOut": false,
                      "duration": 1,
                      "state": "passed",
                      "speed": "fast",
                      "pass": true,
                      "fail": false,
                      "pending": false,
                      "context": null,
                      "code": "serv.getUserDivisions('pp')",
                      "err": {},
                      "uuid": "adf85cbb-6b3c-4cc5-80e9-efcab8ba8b88",
                      "parentUUID": "c21bb84a-299a-413c-8ed9-a24cd2c6f44a",
                      "isHook": false,
                      "skipped": false
                    }
                  ],
                  "suites": [],
                  "passes": [
                    "adf85cbb-6b3c-4cc5-80e9-efcab8ba8b88"
                  ],
                  "failures": [],
                  "pending": [],
                  "skipped": [],
                  "duration": 1,
                  "root": false,
                  "rootEmpty": false,
                  "_timeout": 2000
                },
                {
                  "uuid": "c632ee55-79c8-455d-804d-e9c139e73801",
                  "title": "kittu user divisions",
                  "fullFile": "/Users/kiranjoshi/Documents/Nandu/projects/agc-node-api/test/agc.js",
                  "file": "/test/agc.js",
                  "beforeHooks": [],
                  "afterHooks": [],
                  "tests": [
                    {
                      "title": "Should get divisions for kittu user",
                      "fullTitle": "Common APIs Get user divisions kittu user divisions Should get divisions for kittu user",
                      "timedOut": false,
                      "duration": 1,
                      "state": "passed",
                      "speed": "fast",
                      "pass": true,
                      "fail": false,
                      "pending": false,
                      "context": null,
                      "code": "serv.getUserDivisions('kittu')",
                      "err": {},
                      "uuid": "7cf0eec6-3b49-46ad-9b40-f0d14c70ec41",
                      "parentUUID": "c632ee55-79c8-455d-804d-e9c139e73801",
                      "isHook": false,
                      "skipped": false
                    }
                  ],
                  "suites": [],
                  "passes": [
                    "7cf0eec6-3b49-46ad-9b40-f0d14c70ec41"
                  ],
                  "failures": [],
                  "pending": [],
                  "skipped": [],
                  "duration": 1,
                  "root": false,
                  "rootEmpty": false,
                  "_timeout": 2000
                },
                {
                  "uuid": "9e7b0108-2f91-4945-9aa3-c32852fbe5ed",
                  "title": "ppriya user divisions",
                  "fullFile": "/Users/kiranjoshi/Documents/Nandu/projects/agc-node-api/test/agc.js",
                  "file": "/test/agc.js",
                  "beforeHooks": [],
                  "afterHooks": [],
                  "tests": [
                    {
                      "title": "Should get divisions for ppriya user",
                      "fullTitle": "Common APIs Get user divisions ppriya user divisions Should get divisions for ppriya user",
                      "timedOut": false,
                      "duration": 1,
                      "state": "passed",
                      "speed": "fast",
                      "pass": true,
                      "fail": false,
                      "pending": false,
                      "context": null,
                      "code": "serv.getUserDivisions('ppriya')",
                      "err": {},
                      "uuid": "28449f3e-e49e-420a-8566-80517a05bb9d",
                      "parentUUID": "9e7b0108-2f91-4945-9aa3-c32852fbe5ed",
                      "isHook": false,
                      "skipped": false
                    }
                  ],
                  "suites": [],
                  "passes": [
                    "28449f3e-e49e-420a-8566-80517a05bb9d"
                  ],
                  "failures": [],
                  "pending": [],
                  "skipped": [],
                  "duration": 1,
                  "root": false,
                  "rootEmpty": false,
                  "_timeout": 2000
                }
              ],
              "passes": [],
              "failures": [],
              "pending": [],
              "skipped": [],
              "duration": 0,
              "root": false,
              "rootEmpty": false,
              "_timeout": 2000
            },
            {
              "uuid": "d1c9c0ea-8a8c-4357-b6c7-a0d423e8f9cc",
              "title": "Get user profile",
              "fullFile": "/Users/kiranjoshi/Documents/Nandu/projects/agc-node-api/test/agc.js",
              "file": "/test/agc.js",
              "beforeHooks": [],
              "afterHooks": [],
              "tests": [],
              "suites": [
                {
                  "uuid": "6d869d93-4ff8-488f-ba25-78e2a33a054a",
                  "title": "priya user profile",
                  "fullFile": "/Users/kiranjoshi/Documents/Nandu/projects/agc-node-api/test/agc.js",
                  "file": "/test/agc.js",
                  "beforeHooks": [],
                  "afterHooks": [],
                  "tests": [
                    {
                      "title": "Should get profile for priya user",
                      "fullTitle": "Common APIs Get user profile priya user profile Should get profile for priya user",
                      "timedOut": false,
                      "duration": 1,
                      "state": "passed",
                      "speed": "fast",
                      "pass": true,
                      "fail": false,
                      "pending": false,
                      "context": null,
                      "code": "serv.getUserProfile('priya')",
                      "err": {},
                      "uuid": "692a13ef-76e2-43f7-bca4-e946e4fddd7f",
                      "parentUUID": "6d869d93-4ff8-488f-ba25-78e2a33a054a",
                      "isHook": false,
                      "skipped": false
                    }
                  ],
                  "suites": [],
                  "passes": [
                    "692a13ef-76e2-43f7-bca4-e946e4fddd7f"
                  ],
                  "failures": [],
                  "pending": [],
                  "skipped": [],
                  "duration": 1,
                  "root": false,
                  "rootEmpty": false,
                  "_timeout": 2000
                },
                {
                  "uuid": "4aed93e8-a74f-406c-a382-3411699fd68e",
                  "title": "kiran user profile",
                  "fullFile": "/Users/kiranjoshi/Documents/Nandu/projects/agc-node-api/test/agc.js",
                  "file": "/test/agc.js",
                  "beforeHooks": [],
                  "afterHooks": [],
                  "tests": [
                    {
                      "title": "Should get profile for kiran user",
                      "fullTitle": "Common APIs Get user profile kiran user profile Should get profile for kiran user",
                      "timedOut": false,
                      "duration": 0,
                      "state": "passed",
                      "speed": "fast",
                      "pass": true,
                      "fail": false,
                      "pending": false,
                      "context": null,
                      "code": "serv.getUserProfile('kiran')",
                      "err": {},
                      "uuid": "23b2c336-c174-4817-86ee-e0151615dd71",
                      "parentUUID": "4aed93e8-a74f-406c-a382-3411699fd68e",
                      "isHook": false,
                      "skipped": false
                    }
                  ],
                  "suites": [],
                  "passes": [
                    "23b2c336-c174-4817-86ee-e0151615dd71"
                  ],
                  "failures": [],
                  "pending": [],
                  "skipped": [],
                  "duration": 0,
                  "root": false,
                  "rootEmpty": false,
                  "_timeout": 2000
                },
                {
                  "uuid": "45a1e616-f3be-4f03-b031-ddb91db19c42",
                  "title": "padmapriya user profile",
                  "fullFile": "/Users/kiranjoshi/Documents/Nandu/projects/agc-node-api/test/agc.js",
                  "file": "/test/agc.js",
                  "beforeHooks": [],
                  "afterHooks": [],
                  "tests": [
                    {
                      "title": "Should get profile for padmapriya user",
                      "fullTitle": "Common APIs Get user profile padmapriya user profile Should get profile for padmapriya user",
                      "timedOut": false,
                      "duration": 1,
                      "state": "passed",
                      "speed": "fast",
                      "pass": true,
                      "fail": false,
                      "pending": false,
                      "context": null,
                      "code": "serv.getUserProfile('padmapriya')",
                      "err": {},
                      "uuid": "0c8c4c2e-10f1-4625-b668-0a8d42e09e06",
                      "parentUUID": "45a1e616-f3be-4f03-b031-ddb91db19c42",
                      "isHook": false,
                      "skipped": false
                    }
                  ],
                  "suites": [],
                  "passes": [
                    "0c8c4c2e-10f1-4625-b668-0a8d42e09e06"
                  ],
                  "failures": [],
                  "pending": [],
                  "skipped": [],
                  "duration": 1,
                  "root": false,
                  "rootEmpty": false,
                  "_timeout": 2000
                },
                {
                  "uuid": "b56be8e0-c4ae-4417-be63-47a6a9745da4",
                  "title": "joshi user profile",
                  "fullFile": "/Users/kiranjoshi/Documents/Nandu/projects/agc-node-api/test/agc.js",
                  "file": "/test/agc.js",
                  "beforeHooks": [],
                  "afterHooks": [],
                  "tests": [
                    {
                      "title": "Should get profile for joshi user",
                      "fullTitle": "Common APIs Get user profile joshi user profile Should get profile for joshi user",
                      "timedOut": false,
                      "duration": 1,
                      "state": "passed",
                      "speed": "fast",
                      "pass": true,
                      "fail": false,
                      "pending": false,
                      "context": null,
                      "code": "serv.getUserProfile('joshi')",
                      "err": {},
                      "uuid": "c3d70a36-f196-4751-a50d-b0bad666c0c5",
                      "parentUUID": "b56be8e0-c4ae-4417-be63-47a6a9745da4",
                      "isHook": false,
                      "skipped": false
                    }
                  ],
                  "suites": [],
                  "passes": [
                    "c3d70a36-f196-4751-a50d-b0bad666c0c5"
                  ],
                  "failures": [],
                  "pending": [],
                  "skipped": [],
                  "duration": 1,
                  "root": false,
                  "rootEmpty": false,
                  "_timeout": 2000
                },
                {
                  "uuid": "70c4db29-c8c7-42ea-907a-6e9d9f659dfe",
                  "title": "pp user profile",
                  "fullFile": "/Users/kiranjoshi/Documents/Nandu/projects/agc-node-api/test/agc.js",
                  "file": "/test/agc.js",
                  "beforeHooks": [],
                  "afterHooks": [],
                  "tests": [
                    {
                      "title": "Should get profile for pp user",
                      "fullTitle": "Common APIs Get user profile pp user profile Should get profile for pp user",
                      "timedOut": false,
                      "duration": 0,
                      "state": "passed",
                      "speed": "fast",
                      "pass": true,
                      "fail": false,
                      "pending": false,
                      "context": null,
                      "code": "serv.getUserProfile('pp')",
                      "err": {},
                      "uuid": "0f8902a1-827b-42e0-bcd7-db9661c9ea91",
                      "parentUUID": "70c4db29-c8c7-42ea-907a-6e9d9f659dfe",
                      "isHook": false,
                      "skipped": false
                    }
                  ],
                  "suites": [],
                  "passes": [
                    "0f8902a1-827b-42e0-bcd7-db9661c9ea91"
                  ],
                  "failures": [],
                  "pending": [],
                  "skipped": [],
                  "duration": 0,
                  "root": false,
                  "rootEmpty": false,
                  "_timeout": 2000
                },
                {
                  "uuid": "88911252-8e66-44eb-910e-21fc4830727b",
                  "title": "kittu user profile",
                  "fullFile": "/Users/kiranjoshi/Documents/Nandu/projects/agc-node-api/test/agc.js",
                  "file": "/test/agc.js",
                  "beforeHooks": [],
                  "afterHooks": [],
                  "tests": [
                    {
                      "title": "Should get profile for kittu user",
                      "fullTitle": "Common APIs Get user profile kittu user profile Should get profile for kittu user",
                      "timedOut": false,
                      "duration": 1,
                      "state": "passed",
                      "speed": "fast",
                      "pass": true,
                      "fail": false,
                      "pending": false,
                      "context": null,
                      "code": "serv.getUserProfile('kittu')",
                      "err": {},
                      "uuid": "72c01c4a-e685-4502-996b-508e975c99f2",
                      "parentUUID": "88911252-8e66-44eb-910e-21fc4830727b",
                      "isHook": false,
                      "skipped": false
                    }
                  ],
                  "suites": [],
                  "passes": [
                    "72c01c4a-e685-4502-996b-508e975c99f2"
                  ],
                  "failures": [],
                  "pending": [],
                  "skipped": [],
                  "duration": 1,
                  "root": false,
                  "rootEmpty": false,
                  "_timeout": 2000
                },
                {
                  "uuid": "fcaf4f8e-7293-485b-9107-b81a17317191",
                  "title": "ppriya user profile",
                  "fullFile": "/Users/kiranjoshi/Documents/Nandu/projects/agc-node-api/test/agc.js",
                  "file": "/test/agc.js",
                  "beforeHooks": [],
                  "afterHooks": [],
                  "tests": [
                    {
                      "title": "Should get profile for ppriya user",
                      "fullTitle": "Common APIs Get user profile ppriya user profile Should get profile for ppriya user",
                      "timedOut": false,
                      "duration": 1,
                      "state": "passed",
                      "speed": "fast",
                      "pass": true,
                      "fail": false,
                      "pending": false,
                      "context": null,
                      "code": "serv.getUserProfile('ppriya')",
                      "err": {},
                      "uuid": "b0fe11fb-48ae-4eaf-9b63-b842ac0d653e",
                      "parentUUID": "fcaf4f8e-7293-485b-9107-b81a17317191",
                      "isHook": false,
                      "skipped": false
                    }
                  ],
                  "suites": [],
                  "passes": [
                    "b0fe11fb-48ae-4eaf-9b63-b842ac0d653e"
                  ],
                  "failures": [],
                  "pending": [],
                  "skipped": [],
                  "duration": 1,
                  "root": false,
                  "rootEmpty": false,
                  "_timeout": 2000
                }
              ],
              "passes": [],
              "failures": [],
              "pending": [],
              "skipped": [],
              "duration": 0,
              "root": false,
              "rootEmpty": false,
              "_timeout": 2000
            },
            {
              "uuid": "79034a98-4ca7-4de9-a652-77c140288cd9",
              "title": "Get user details",
              "fullFile": "/Users/kiranjoshi/Documents/Nandu/projects/agc-node-api/test/agc.js",
              "file": "/test/agc.js",
              "beforeHooks": [],
              "afterHooks": [],
              "tests": [],
              "suites": [
                {
                  "uuid": "cc4c9c97-f5a0-4d3f-a1ed-8fc8240129af",
                  "title": "priya user details",
                  "fullFile": "/Users/kiranjoshi/Documents/Nandu/projects/agc-node-api/test/agc.js",
                  "file": "/test/agc.js",
                  "beforeHooks": [],
                  "afterHooks": [],
                  "tests": [
                    {
                      "title": "Should get details for priya user",
                      "fullTitle": "Common APIs Get user details priya user details Should get details for priya user",
                      "timedOut": false,
                      "duration": 1,
                      "state": "passed",
                      "speed": "fast",
                      "pass": true,
                      "fail": false,
                      "pending": false,
                      "context": null,
                      "code": "serv.getUserDetails('priya')",
                      "err": {},
                      "uuid": "f27bcb57-e31d-475a-ad05-98c711a18f53",
                      "parentUUID": "cc4c9c97-f5a0-4d3f-a1ed-8fc8240129af",
                      "isHook": false,
                      "skipped": false
                    }
                  ],
                  "suites": [],
                  "passes": [
                    "f27bcb57-e31d-475a-ad05-98c711a18f53"
                  ],
                  "failures": [],
                  "pending": [],
                  "skipped": [],
                  "duration": 1,
                  "root": false,
                  "rootEmpty": false,
                  "_timeout": 2000
                },
                {
                  "uuid": "c4b576ce-8a75-49ac-8a32-3c372bfbfef2",
                  "title": "kiran user details",
                  "fullFile": "/Users/kiranjoshi/Documents/Nandu/projects/agc-node-api/test/agc.js",
                  "file": "/test/agc.js",
                  "beforeHooks": [],
                  "afterHooks": [],
                  "tests": [
                    {
                      "title": "Should get details for kiran user",
                      "fullTitle": "Common APIs Get user details kiran user details Should get details for kiran user",
                      "timedOut": false,
                      "duration": 1,
                      "state": "passed",
                      "speed": "fast",
                      "pass": true,
                      "fail": false,
                      "pending": false,
                      "context": null,
                      "code": "serv.getUserDetails('kiran')",
                      "err": {},
                      "uuid": "01648dd4-77d8-4b95-8d4d-db41c88d5981",
                      "parentUUID": "c4b576ce-8a75-49ac-8a32-3c372bfbfef2",
                      "isHook": false,
                      "skipped": false
                    }
                  ],
                  "suites": [],
                  "passes": [
                    "01648dd4-77d8-4b95-8d4d-db41c88d5981"
                  ],
                  "failures": [],
                  "pending": [],
                  "skipped": [],
                  "duration": 1,
                  "root": false,
                  "rootEmpty": false,
                  "_timeout": 2000
                },
                {
                  "uuid": "c6a184c2-5ce1-4666-9cd7-fd23f2ac6691",
                  "title": "padmapriya user details",
                  "fullFile": "/Users/kiranjoshi/Documents/Nandu/projects/agc-node-api/test/agc.js",
                  "file": "/test/agc.js",
                  "beforeHooks": [],
                  "afterHooks": [],
                  "tests": [
                    {
                      "title": "Should get details for padmapriya user",
                      "fullTitle": "Common APIs Get user details padmapriya user details Should get details for padmapriya user",
                      "timedOut": false,
                      "duration": 1,
                      "state": "passed",
                      "speed": "fast",
                      "pass": true,
                      "fail": false,
                      "pending": false,
                      "context": null,
                      "code": "serv.getUserDetails('padmapriya')",
                      "err": {},
                      "uuid": "95261960-91bd-4d6c-b324-d25de157d889",
                      "parentUUID": "c6a184c2-5ce1-4666-9cd7-fd23f2ac6691",
                      "isHook": false,
                      "skipped": false
                    }
                  ],
                  "suites": [],
                  "passes": [
                    "95261960-91bd-4d6c-b324-d25de157d889"
                  ],
                  "failures": [],
                  "pending": [],
                  "skipped": [],
                  "duration": 1,
                  "root": false,
                  "rootEmpty": false,
                  "_timeout": 2000
                },
                {
                  "uuid": "f9520662-c811-44a8-844a-e3492b37d34d",
                  "title": "joshi user details",
                  "fullFile": "/Users/kiranjoshi/Documents/Nandu/projects/agc-node-api/test/agc.js",
                  "file": "/test/agc.js",
                  "beforeHooks": [],
                  "afterHooks": [],
                  "tests": [
                    {
                      "title": "Should get details for joshi user",
                      "fullTitle": "Common APIs Get user details joshi user details Should get details for joshi user",
                      "timedOut": false,
                      "duration": 1,
                      "state": "passed",
                      "speed": "fast",
                      "pass": true,
                      "fail": false,
                      "pending": false,
                      "context": null,
                      "code": "serv.getUserDetails('joshi')",
                      "err": {},
                      "uuid": "f1f06fcf-eebc-4831-891b-7f41cd3df99f",
                      "parentUUID": "f9520662-c811-44a8-844a-e3492b37d34d",
                      "isHook": false,
                      "skipped": false
                    }
                  ],
                  "suites": [],
                  "passes": [
                    "f1f06fcf-eebc-4831-891b-7f41cd3df99f"
                  ],
                  "failures": [],
                  "pending": [],
                  "skipped": [],
                  "duration": 1,
                  "root": false,
                  "rootEmpty": false,
                  "_timeout": 2000
                },
                {
                  "uuid": "d4092ca4-910a-47b2-a5ed-1fbeb6d94a68",
                  "title": "pp user details",
                  "fullFile": "/Users/kiranjoshi/Documents/Nandu/projects/agc-node-api/test/agc.js",
                  "file": "/test/agc.js",
                  "beforeHooks": [],
                  "afterHooks": [],
                  "tests": [
                    {
                      "title": "Should get details for pp user",
                      "fullTitle": "Common APIs Get user details pp user details Should get details for pp user",
                      "timedOut": false,
                      "duration": 1,
                      "state": "passed",
                      "speed": "fast",
                      "pass": true,
                      "fail": false,
                      "pending": false,
                      "context": null,
                      "code": "serv.getUserDetails('pp')",
                      "err": {},
                      "uuid": "bc26cec3-9543-4e50-9954-2611984add05",
                      "parentUUID": "d4092ca4-910a-47b2-a5ed-1fbeb6d94a68",
                      "isHook": false,
                      "skipped": false
                    }
                  ],
                  "suites": [],
                  "passes": [
                    "bc26cec3-9543-4e50-9954-2611984add05"
                  ],
                  "failures": [],
                  "pending": [],
                  "skipped": [],
                  "duration": 1,
                  "root": false,
                  "rootEmpty": false,
                  "_timeout": 2000
                },
                {
                  "uuid": "8621ef54-eb76-4073-a3a1-7135e1f2c40c",
                  "title": "kittu user details",
                  "fullFile": "/Users/kiranjoshi/Documents/Nandu/projects/agc-node-api/test/agc.js",
                  "file": "/test/agc.js",
                  "beforeHooks": [],
                  "afterHooks": [],
                  "tests": [
                    {
                      "title": "Should get details for kittu user",
                      "fullTitle": "Common APIs Get user details kittu user details Should get details for kittu user",
                      "timedOut": false,
                      "duration": 1,
                      "state": "passed",
                      "speed": "fast",
                      "pass": true,
                      "fail": false,
                      "pending": false,
                      "context": null,
                      "code": "serv.getUserDetails('kittu')",
                      "err": {},
                      "uuid": "2406e288-d61d-47ca-9232-c7bd0522269f",
                      "parentUUID": "8621ef54-eb76-4073-a3a1-7135e1f2c40c",
                      "isHook": false,
                      "skipped": false
                    }
                  ],
                  "suites": [],
                  "passes": [
                    "2406e288-d61d-47ca-9232-c7bd0522269f"
                  ],
                  "failures": [],
                  "pending": [],
                  "skipped": [],
                  "duration": 1,
                  "root": false,
                  "rootEmpty": false,
                  "_timeout": 2000
                },
                {
                  "uuid": "9f9cc84f-5f93-4e3b-90bd-392e09dc3e56",
                  "title": "ppriya user details",
                  "fullFile": "/Users/kiranjoshi/Documents/Nandu/projects/agc-node-api/test/agc.js",
                  "file": "/test/agc.js",
                  "beforeHooks": [],
                  "afterHooks": [],
                  "tests": [
                    {
                      "title": "Should get details for ppriya user",
                      "fullTitle": "Common APIs Get user details ppriya user details Should get details for ppriya user",
                      "timedOut": false,
                      "duration": 1,
                      "state": "passed",
                      "speed": "fast",
                      "pass": true,
                      "fail": false,
                      "pending": false,
                      "context": null,
                      "code": "serv.getUserDetails('ppriya')",
                      "err": {},
                      "uuid": "f0cb5799-7332-4b08-a10a-08ee66a7b6f1",
                      "parentUUID": "9f9cc84f-5f93-4e3b-90bd-392e09dc3e56",
                      "isHook": false,
                      "skipped": false
                    }
                  ],
                  "suites": [],
                  "passes": [
                    "f0cb5799-7332-4b08-a10a-08ee66a7b6f1"
                  ],
                  "failures": [],
                  "pending": [],
                  "skipped": [],
                  "duration": 1,
                  "root": false,
                  "rootEmpty": false,
                  "_timeout": 2000
                }
              ],
              "passes": [],
              "failures": [],
              "pending": [],
              "skipped": [],
              "duration": 0,
              "root": false,
              "rootEmpty": false,
              "_timeout": 2000
            },
            {
              "uuid": "d9019b3e-4845-4682-a8df-09bdba1f5511",
              "title": "Get files for user",
              "fullFile": "/Users/kiranjoshi/Documents/Nandu/projects/agc-node-api/test/agc.js",
              "file": "/test/agc.js",
              "beforeHooks": [],
              "afterHooks": [],
              "tests": [],
              "suites": [
                {
                  "uuid": "fd2bee9a-c464-46b1-8db2-9d14b9a8b146",
                  "title": "Files for priya user",
                  "fullFile": "/Users/kiranjoshi/Documents/Nandu/projects/agc-node-api/test/agc.js",
                  "file": "/test/agc.js",
                  "beforeHooks": [],
                  "afterHooks": [],
                  "tests": [
                    {
                      "title": "Should get files for priya user",
                      "fullTitle": "Common APIs Get files for user Files for priya user Should get files for priya user",
                      "timedOut": false,
                      "duration": 1,
                      "state": "passed",
                      "speed": "fast",
                      "pass": true,
                      "fail": false,
                      "pending": false,
                      "context": null,
                      "code": "serv.getDashboardFiles('priya')",
                      "err": {},
                      "uuid": "1bf80524-e186-462b-a5a9-aed9b43d26e6",
                      "parentUUID": "fd2bee9a-c464-46b1-8db2-9d14b9a8b146",
                      "isHook": false,
                      "skipped": false
                    }
                  ],
                  "suites": [],
                  "passes": [
                    "1bf80524-e186-462b-a5a9-aed9b43d26e6"
                  ],
                  "failures": [],
                  "pending": [],
                  "skipped": [],
                  "duration": 1,
                  "root": false,
                  "rootEmpty": false,
                  "_timeout": 2000
                },
                {
                  "uuid": "aef93aa4-9999-4ad7-ac28-3db7493b1771",
                  "title": "Files for kiran user",
                  "fullFile": "/Users/kiranjoshi/Documents/Nandu/projects/agc-node-api/test/agc.js",
                  "file": "/test/agc.js",
                  "beforeHooks": [],
                  "afterHooks": [],
                  "tests": [
                    {
                      "title": "Should get files for kiran user",
                      "fullTitle": "Common APIs Get files for user Files for kiran user Should get files for kiran user",
                      "timedOut": false,
                      "duration": 1,
                      "state": "passed",
                      "speed": "fast",
                      "pass": true,
                      "fail": false,
                      "pending": false,
                      "context": null,
                      "code": "serv.getDashboardFiles('kiran')",
                      "err": {},
                      "uuid": "48aa0eb2-4983-466e-a860-1bcae205fe4a",
                      "parentUUID": "aef93aa4-9999-4ad7-ac28-3db7493b1771",
                      "isHook": false,
                      "skipped": false
                    }
                  ],
                  "suites": [],
                  "passes": [
                    "48aa0eb2-4983-466e-a860-1bcae205fe4a"
                  ],
                  "failures": [],
                  "pending": [],
                  "skipped": [],
                  "duration": 1,
                  "root": false,
                  "rootEmpty": false,
                  "_timeout": 2000
                },
                {
                  "uuid": "50f80a97-1ea1-4f7b-ab24-d6369fb941fa",
                  "title": "Files for padmapriya user",
                  "fullFile": "/Users/kiranjoshi/Documents/Nandu/projects/agc-node-api/test/agc.js",
                  "file": "/test/agc.js",
                  "beforeHooks": [],
                  "afterHooks": [],
                  "tests": [
                    {
                      "title": "Should get files for padmapriya user",
                      "fullTitle": "Common APIs Get files for user Files for padmapriya user Should get files for padmapriya user",
                      "timedOut": false,
                      "duration": 1,
                      "state": "passed",
                      "speed": "fast",
                      "pass": true,
                      "fail": false,
                      "pending": false,
                      "context": null,
                      "code": "serv.getDashboardFiles('padmapriya')",
                      "err": {},
                      "uuid": "3f7895e2-357c-41d4-8474-2a2bea4b3cf3",
                      "parentUUID": "50f80a97-1ea1-4f7b-ab24-d6369fb941fa",
                      "isHook": false,
                      "skipped": false
                    }
                  ],
                  "suites": [],
                  "passes": [
                    "3f7895e2-357c-41d4-8474-2a2bea4b3cf3"
                  ],
                  "failures": [],
                  "pending": [],
                  "skipped": [],
                  "duration": 1,
                  "root": false,
                  "rootEmpty": false,
                  "_timeout": 2000
                },
                {
                  "uuid": "9fe3aa33-9839-4745-8334-400a6d03d28f",
                  "title": "Files for joshi user",
                  "fullFile": "/Users/kiranjoshi/Documents/Nandu/projects/agc-node-api/test/agc.js",
                  "file": "/test/agc.js",
                  "beforeHooks": [],
                  "afterHooks": [],
                  "tests": [
                    {
                      "title": "Should get files for joshi user",
                      "fullTitle": "Common APIs Get files for user Files for joshi user Should get files for joshi user",
                      "timedOut": false,
                      "duration": 0,
                      "state": "passed",
                      "speed": "fast",
                      "pass": true,
                      "fail": false,
                      "pending": false,
                      "context": null,
                      "code": "serv.getDashboardFiles('joshi')",
                      "err": {},
                      "uuid": "480d068f-4427-4374-bc9a-6ae655967255",
                      "parentUUID": "9fe3aa33-9839-4745-8334-400a6d03d28f",
                      "isHook": false,
                      "skipped": false
                    }
                  ],
                  "suites": [],
                  "passes": [
                    "480d068f-4427-4374-bc9a-6ae655967255"
                  ],
                  "failures": [],
                  "pending": [],
                  "skipped": [],
                  "duration": 0,
                  "root": false,
                  "rootEmpty": false,
                  "_timeout": 2000
                },
                {
                  "uuid": "fb355131-cfaf-4c86-a8c2-6441ab7c0d5d",
                  "title": "Files for pp user",
                  "fullFile": "/Users/kiranjoshi/Documents/Nandu/projects/agc-node-api/test/agc.js",
                  "file": "/test/agc.js",
                  "beforeHooks": [],
                  "afterHooks": [],
                  "tests": [
                    {
                      "title": "Should get files for pp user",
                      "fullTitle": "Common APIs Get files for user Files for pp user Should get files for pp user",
                      "timedOut": false,
                      "duration": 1,
                      "state": "passed",
                      "speed": "fast",
                      "pass": true,
                      "fail": false,
                      "pending": false,
                      "context": null,
                      "code": "serv.getDashboardFiles('pp')",
                      "err": {},
                      "uuid": "5dc6e277-4460-48d3-9cef-4674b549f554",
                      "parentUUID": "fb355131-cfaf-4c86-a8c2-6441ab7c0d5d",
                      "isHook": false,
                      "skipped": false
                    }
                  ],
                  "suites": [],
                  "passes": [
                    "5dc6e277-4460-48d3-9cef-4674b549f554"
                  ],
                  "failures": [],
                  "pending": [],
                  "skipped": [],
                  "duration": 1,
                  "root": false,
                  "rootEmpty": false,
                  "_timeout": 2000
                },
                {
                  "uuid": "d9c4778a-68c1-4811-a169-52f3129f3a38",
                  "title": "Files for kittu user",
                  "fullFile": "/Users/kiranjoshi/Documents/Nandu/projects/agc-node-api/test/agc.js",
                  "file": "/test/agc.js",
                  "beforeHooks": [],
                  "afterHooks": [],
                  "tests": [
                    {
                      "title": "Should get files for kittu user",
                      "fullTitle": "Common APIs Get files for user Files for kittu user Should get files for kittu user",
                      "timedOut": false,
                      "duration": 1,
                      "state": "passed",
                      "speed": "fast",
                      "pass": true,
                      "fail": false,
                      "pending": false,
                      "context": null,
                      "code": "serv.getDashboardFiles('kittu')",
                      "err": {},
                      "uuid": "f4e6d9ca-4e94-4b80-a3af-719add0f10d4",
                      "parentUUID": "d9c4778a-68c1-4811-a169-52f3129f3a38",
                      "isHook": false,
                      "skipped": false
                    }
                  ],
                  "suites": [],
                  "passes": [
                    "f4e6d9ca-4e94-4b80-a3af-719add0f10d4"
                  ],
                  "failures": [],
                  "pending": [],
                  "skipped": [],
                  "duration": 1,
                  "root": false,
                  "rootEmpty": false,
                  "_timeout": 2000
                },
                {
                  "uuid": "b0205c7a-af84-4531-9fb6-cfd66e0da144",
                  "title": "Files for ppriya user",
                  "fullFile": "/Users/kiranjoshi/Documents/Nandu/projects/agc-node-api/test/agc.js",
                  "file": "/test/agc.js",
                  "beforeHooks": [],
                  "afterHooks": [],
                  "tests": [
                    {
                      "title": "Should get files for ppriya user",
                      "fullTitle": "Common APIs Get files for user Files for ppriya user Should get files for ppriya user",
                      "timedOut": false,
                      "duration": 1,
                      "state": "passed",
                      "speed": "fast",
                      "pass": true,
                      "fail": false,
                      "pending": false,
                      "context": null,
                      "code": "serv.getDashboardFiles('ppriya')",
                      "err": {},
                      "uuid": "555bf8f1-abd5-4972-998e-9dd2378a026c",
                      "parentUUID": "b0205c7a-af84-4531-9fb6-cfd66e0da144",
                      "isHook": false,
                      "skipped": false
                    }
                  ],
                  "suites": [],
                  "passes": [
                    "555bf8f1-abd5-4972-998e-9dd2378a026c"
                  ],
                  "failures": [],
                  "pending": [],
                  "skipped": [],
                  "duration": 1,
                  "root": false,
                  "rootEmpty": false,
                  "_timeout": 2000
                }
              ],
              "passes": [],
              "failures": [],
              "pending": [],
              "skipped": [],
              "duration": 0,
              "root": false,
              "rootEmpty": false,
              "_timeout": 2000
            },
            {
              "uuid": "59d20b46-c3a3-4258-8125-e0057df1be61",
              "title": "Get requests for user",
              "fullFile": "/Users/kiranjoshi/Documents/Nandu/projects/agc-node-api/test/agc.js",
              "file": "/test/agc.js",
              "beforeHooks": [],
              "afterHooks": [],
              "tests": [],
              "suites": [
                {
                  "uuid": "0965d6db-78ad-4926-b7fb-82dc79b2dee4",
                  "title": "Requests for priya user",
                  "fullFile": "/Users/kiranjoshi/Documents/Nandu/projects/agc-node-api/test/agc.js",
                  "file": "/test/agc.js",
                  "beforeHooks": [],
                  "afterHooks": [],
                  "tests": [
                    {
                      "title": "Should get details for priya user",
                      "fullTitle": "Common APIs Get requests for user Requests for priya user Should get details for priya user",
                      "timedOut": false,
                      "duration": 1,
                      "state": "passed",
                      "speed": "fast",
                      "pass": true,
                      "fail": false,
                      "pending": false,
                      "context": null,
                      "code": "serv.getDashboardRequests('priya')",
                      "err": {},
                      "uuid": "259403f2-2f9d-4035-96ca-919464345e57",
                      "parentUUID": "0965d6db-78ad-4926-b7fb-82dc79b2dee4",
                      "isHook": false,
                      "skipped": false
                    }
                  ],
                  "suites": [],
                  "passes": [
                    "259403f2-2f9d-4035-96ca-919464345e57"
                  ],
                  "failures": [],
                  "pending": [],
                  "skipped": [],
                  "duration": 1,
                  "root": false,
                  "rootEmpty": false,
                  "_timeout": 2000
                },
                {
                  "uuid": "a4848ec0-eb39-4a90-9721-978723370607",
                  "title": "Requests for kiran user",
                  "fullFile": "/Users/kiranjoshi/Documents/Nandu/projects/agc-node-api/test/agc.js",
                  "file": "/test/agc.js",
                  "beforeHooks": [],
                  "afterHooks": [],
                  "tests": [
                    {
                      "title": "Should get details for kiran user",
                      "fullTitle": "Common APIs Get requests for user Requests for kiran user Should get details for kiran user",
                      "timedOut": false,
                      "duration": 0,
                      "state": "passed",
                      "speed": "fast",
                      "pass": true,
                      "fail": false,
                      "pending": false,
                      "context": null,
                      "code": "serv.getDashboardRequests('kiran')",
                      "err": {},
                      "uuid": "c51e1252-ef95-4931-a960-282518f42f57",
                      "parentUUID": "a4848ec0-eb39-4a90-9721-978723370607",
                      "isHook": false,
                      "skipped": false
                    }
                  ],
                  "suites": [],
                  "passes": [
                    "c51e1252-ef95-4931-a960-282518f42f57"
                  ],
                  "failures": [],
                  "pending": [],
                  "skipped": [],
                  "duration": 0,
                  "root": false,
                  "rootEmpty": false,
                  "_timeout": 2000
                },
                {
                  "uuid": "1da7d022-4207-450d-8d33-3324184d3375",
                  "title": "Requests for padmapriya user",
                  "fullFile": "/Users/kiranjoshi/Documents/Nandu/projects/agc-node-api/test/agc.js",
                  "file": "/test/agc.js",
                  "beforeHooks": [],
                  "afterHooks": [],
                  "tests": [
                    {
                      "title": "Should get details for padmapriya user",
                      "fullTitle": "Common APIs Get requests for user Requests for padmapriya user Should get details for padmapriya user",
                      "timedOut": false,
                      "duration": 0,
                      "state": "passed",
                      "speed": "fast",
                      "pass": true,
                      "fail": false,
                      "pending": false,
                      "context": null,
                      "code": "serv.getDashboardRequests('padmapriya')",
                      "err": {},
                      "uuid": "0943f746-7ca1-4d16-94bc-fea4385ae471",
                      "parentUUID": "1da7d022-4207-450d-8d33-3324184d3375",
                      "isHook": false,
                      "skipped": false
                    }
                  ],
                  "suites": [],
                  "passes": [
                    "0943f746-7ca1-4d16-94bc-fea4385ae471"
                  ],
                  "failures": [],
                  "pending": [],
                  "skipped": [],
                  "duration": 0,
                  "root": false,
                  "rootEmpty": false,
                  "_timeout": 2000
                },
                {
                  "uuid": "8040a196-b3d6-4b5a-84d8-4719f29e5086",
                  "title": "Requests for joshi user",
                  "fullFile": "/Users/kiranjoshi/Documents/Nandu/projects/agc-node-api/test/agc.js",
                  "file": "/test/agc.js",
                  "beforeHooks": [],
                  "afterHooks": [],
                  "tests": [
                    {
                      "title": "Should get details for joshi user",
                      "fullTitle": "Common APIs Get requests for user Requests for joshi user Should get details for joshi user",
                      "timedOut": false,
                      "duration": 1,
                      "state": "passed",
                      "speed": "fast",
                      "pass": true,
                      "fail": false,
                      "pending": false,
                      "context": null,
                      "code": "serv.getDashboardRequests('joshi')",
                      "err": {},
                      "uuid": "3b11e603-168d-4e72-9392-5d6966f8c856",
                      "parentUUID": "8040a196-b3d6-4b5a-84d8-4719f29e5086",
                      "isHook": false,
                      "skipped": false
                    }
                  ],
                  "suites": [],
                  "passes": [
                    "3b11e603-168d-4e72-9392-5d6966f8c856"
                  ],
                  "failures": [],
                  "pending": [],
                  "skipped": [],
                  "duration": 1,
                  "root": false,
                  "rootEmpty": false,
                  "_timeout": 2000
                },
                {
                  "uuid": "6fe65c29-1095-4212-89e6-f7fb5852f2aa",
                  "title": "Requests for pp user",
                  "fullFile": "/Users/kiranjoshi/Documents/Nandu/projects/agc-node-api/test/agc.js",
                  "file": "/test/agc.js",
                  "beforeHooks": [],
                  "afterHooks": [],
                  "tests": [
                    {
                      "title": "Should get details for pp user",
                      "fullTitle": "Common APIs Get requests for user Requests for pp user Should get details for pp user",
                      "timedOut": false,
                      "duration": 1,
                      "state": "passed",
                      "speed": "fast",
                      "pass": true,
                      "fail": false,
                      "pending": false,
                      "context": null,
                      "code": "serv.getDashboardRequests('pp')",
                      "err": {},
                      "uuid": "dfd71877-ccfa-4c43-b729-5562b1c402db",
                      "parentUUID": "6fe65c29-1095-4212-89e6-f7fb5852f2aa",
                      "isHook": false,
                      "skipped": false
                    }
                  ],
                  "suites": [],
                  "passes": [
                    "dfd71877-ccfa-4c43-b729-5562b1c402db"
                  ],
                  "failures": [],
                  "pending": [],
                  "skipped": [],
                  "duration": 1,
                  "root": false,
                  "rootEmpty": false,
                  "_timeout": 2000
                },
                {
                  "uuid": "e1330b93-33a9-4733-9bb2-6ca9e7448185",
                  "title": "Requests for kittu user",
                  "fullFile": "/Users/kiranjoshi/Documents/Nandu/projects/agc-node-api/test/agc.js",
                  "file": "/test/agc.js",
                  "beforeHooks": [],
                  "afterHooks": [],
                  "tests": [
                    {
                      "title": "Should get details for kittu user",
                      "fullTitle": "Common APIs Get requests for user Requests for kittu user Should get details for kittu user",
                      "timedOut": false,
                      "duration": 1,
                      "state": "passed",
                      "speed": "fast",
                      "pass": true,
                      "fail": false,
                      "pending": false,
                      "context": null,
                      "code": "serv.getDashboardRequests('kittu')",
                      "err": {},
                      "uuid": "973980c0-d1be-4427-8975-e3238197687d",
                      "parentUUID": "e1330b93-33a9-4733-9bb2-6ca9e7448185",
                      "isHook": false,
                      "skipped": false
                    }
                  ],
                  "suites": [],
                  "passes": [
                    "973980c0-d1be-4427-8975-e3238197687d"
                  ],
                  "failures": [],
                  "pending": [],
                  "skipped": [],
                  "duration": 1,
                  "root": false,
                  "rootEmpty": false,
                  "_timeout": 2000
                },
                {
                  "uuid": "3c0dcdd1-f908-43e4-8737-494be3f3eb0c",
                  "title": "Requests for ppriya user",
                  "fullFile": "/Users/kiranjoshi/Documents/Nandu/projects/agc-node-api/test/agc.js",
                  "file": "/test/agc.js",
                  "beforeHooks": [],
                  "afterHooks": [],
                  "tests": [
                    {
                      "title": "Should get details for ppriya user",
                      "fullTitle": "Common APIs Get requests for user Requests for ppriya user Should get details for ppriya user",
                      "timedOut": false,
                      "duration": 1,
                      "state": "passed",
                      "speed": "fast",
                      "pass": true,
                      "fail": false,
                      "pending": false,
                      "context": null,
                      "code": "serv.getDashboardRequests('ppriya')",
                      "err": {},
                      "uuid": "e632a66c-5430-4f74-a1c8-42e520a65fdd",
                      "parentUUID": "3c0dcdd1-f908-43e4-8737-494be3f3eb0c",
                      "isHook": false,
                      "skipped": false
                    }
                  ],
                  "suites": [],
                  "passes": [
                    "e632a66c-5430-4f74-a1c8-42e520a65fdd"
                  ],
                  "failures": [],
                  "pending": [],
                  "skipped": [],
                  "duration": 1,
                  "root": false,
                  "rootEmpty": false,
                  "_timeout": 2000
                }
              ],
              "passes": [],
              "failures": [],
              "pending": [],
              "skipped": [],
              "duration": 0,
              "root": false,
              "rootEmpty": false,
              "_timeout": 2000
            }
          ],
          "passes": [],
          "failures": [],
          "pending": [],
          "skipped": [],
          "duration": 0,
          "root": false,
          "rootEmpty": false,
          "_timeout": 2000
        },
        {
          "uuid": "d8f54084-6193-4f4e-a5de-624f0e4524ac",
          "title": "File APIs",
          "fullFile": "/Users/kiranjoshi/Documents/Nandu/projects/agc-node-api/test/file.js",
          "file": "/test/file.js",
          "beforeHooks": [
            {
              "title": "\"before each\" hook in \"File APIs\"",
              "fullTitle": "File APIs \"before each\" hook in \"File APIs\"",
              "timedOut": false,
              "duration": 0,
              "state": null,
              "speed": null,
              "pass": false,
              "fail": false,
              "pending": false,
              "context": null,
              "code": "totalCases++;",
              "err": {},
              "uuid": "6c9a032d-3427-4740-8027-9c2813c500c4",
              "parentUUID": "d8f54084-6193-4f4e-a5de-624f0e4524ac",
              "isHook": true,
              "skipped": false
            }
          ],
          "afterHooks": [],
          "tests": [],
          "suites": [
            {
              "uuid": "82e339f3-5c55-48bf-b9df-f4d69da78ff3",
              "title": "Get file by reference",
              "fullFile": "/Users/kiranjoshi/Documents/Nandu/projects/agc-node-api/test/file.js",
              "file": "/test/file.js",
              "beforeHooks": [],
              "afterHooks": [],
              "tests": [
                {
                  "title": "Should get file details with the given reference number",
                  "fullTitle": "File APIs Get file by reference Should get file details with the given reference number",
                  "timedOut": false,
                  "duration": 0,
                  "state": "passed",
                  "speed": "fast",
                  "pass": true,
                  "fail": false,
                  "pending": false,
                  "context": null,
                  "code": "serv.getFileByReference('AG/REGISTRY (IAD)/FILE_HEADER1_1_2/FILE_HEADER2_2/2019/8')",
                  "err": {},
                  "uuid": "1b9f404f-d8be-4336-888a-a26ffbc0c81d",
                  "parentUUID": "82e339f3-5c55-48bf-b9df-f4d69da78ff3",
                  "isHook": false,
                  "skipped": false
                }
              ],
              "suites": [],
              "passes": [
                "1b9f404f-d8be-4336-888a-a26ffbc0c81d"
              ],
              "failures": [],
              "pending": [],
              "skipped": [],
              "duration": 0,
              "root": false,
[...]
                    "e83e4126-04f8-4bc3-b631-a2e5f5109f06",
                    "00e8b5b5-d7a8-4ef4-acd1-25bc25f18567",
                    "c40d0373-cd67-48a0-9ce3-fbce1852352e",
                    "bb904fc9-6ca6-4ffa-b52e-976a315d12aa",
                    "9bad120a-ad59-49ac-8fd5-c422b665df96",
                    "769f8404-8fce-4075-9a28-4df7df114903",
                    "5493ab4b-160f-4014-afd6-aa46a1169366",
                    "5f0bd2e2-59d6-4f56-a9ea-227cf0b33345",
                    "5cf5c1d4-762b-4442-8624-94a2202b36db",
                    "cc250ff7-8138-4200-8a1f-0e154994ba03",
                    "70da405b-770e-4a66-8240-c315415dc794",
                    "56abbaa7-9920-4abd-b811-74cccad61c3b",
                    "4240d5e0-6138-409e-b2de-276307a5bc8b",
                    "58cff713-7820-42ae-b8b8-5b794e52b8b8",
                    "0ee4a40c-54e2-40a4-8b91-33bfdc7b0bc7",
                    "b433c986-2581-4e9d-bb91-8c3e3a4869dd",
                    "6c40916f-a5be-4549-bd14-1b93da295f60",
                    "8818de56-6316-426e-b476-e7ca3e446e62",
                    "de520ea3-0d07-4521-b1c8-137ca52b0e54",
                    "63705b85-91c9-452d-a8b5-257b28cbbaf4",
                    "b5658c3f-f38d-475f-8bd7-e4a802d39d8b",
                    "efd8bd86-c838-4588-80d5-2aee5f11c567",
                    "80f201b9-49b7-4809-9b7f-a9e6bc04ae2b",
                    "de829389-e8fc-4b68-bd83-38341d448076",
                    "f8ec1814-b08d-4306-8b23-f9afe53d4983",
                    "75493034-ac54-46a8-bf57-f8d1025674b6",
                    "5a746503-db5b-45a2-9c0e-fe13617ac8fe",
                    "3e1ff3bf-7aec-457b-a102-abc50fe7d60f",
                    "b56578fe-c35f-4c27-8616-6b54932cea83",
                    "63561ac0-b985-49ce-96c0-d65f9a13704a",
                    "fc5f2fed-7a85-4656-8c45-057c42d5ce53",
                    "f3359623-a5da-4ef5-8346-417cad43e3ca"
                  ],
                  "failures": [],
                  "pending": [],
                  "skipped": [],
                  "duration": 139,
                  "root": false,
                  "rootEmpty": false,
                  "_timeout": 2000
                },
                {
                  "uuid": "4f5f55c2-dbee-415a-a8f7-1e8d85888c5e",
                  "title": "Fetch master data by types",
                  "fullFile": "/Users/kiranjoshi/Documents/Nandu/projects/agc-node-api/test/master.js",
                  "file": "/test/master.js",
                  "beforeHooks": [],
                  "afterHooks": [],
                  "tests": [
                    {
                      "title": "Get all master data by passing multiple types",
                      "fullTitle": "Master Data APIs Get master data Fetch master data by types Get all master data by passing multiple types",
                      "timedOut": false,
                      "duration": 1,
                      "state": "passed",
                      "speed": "fast",
                      "pass": true,
                      "fail": false,
                      "pending": false,
                      "context": null,
                      "code": "serv.getMasterDataByTypes('AGENCY_NAME_FOREIGN, AGENCY_TYPE_FOREIGN,'+ \n            'CASE_ACTIVITY_TYPE, CASE_COMPLEXITY, CASE_FATF, CASE_STATUS, COUNTRY, DEPARTMENT, DOCUMENT_TYPE, EXTERNAL_AGENCY_NAME, EXTERNAL_AGENCY_TYPE,'+ \n            'FILE_DIVISION, FILE_HEADER1, FILE_HEADER2, FILE_ORIGIN, FILE_YEAR, MLA_CASE_SUB_TYPE, MLA_CASE_TYPE, REQUEST_COMPLEXITY, REQUEST_MODE,'+ \n            'REQUEST_STATUS, REQUEST_TYPE, REQUEST_URGENCY, REQUESTED_UNDER, ROOT_CODE, SECURITY_CLASSIFICATION')",
                      "err": {},
                      "uuid": "770b9a55-0846-4310-a690-9b113034e394",
                      "parentUUID": "4f5f55c2-dbee-415a-a8f7-1e8d85888c5e",
                      "isHook": false,
                      "skipped": false
                    }
                  ],
                  "suites": [],
                  "passes": [
                    "770b9a55-0846-4310-a690-9b113034e394"
                  ],
                  "failures": [],
                  "pending": [],
                  "skipped": [],
                  "duration": 1,
                  "root": false,
                  "rootEmpty": false,
                  "_timeout": 2000
                },
                {
                  "uuid": "ab0ac090-1afb-41b9-9950-272ac5da7e5a",
                  "title": "Fetch master data by codes",
                  "fullFile": "/Users/kiranjoshi/Documents/Nandu/projects/agc-node-api/test/master.js",
                  "file": "/test/master.js",
                  "beforeHooks": [],
                  "afterHooks": [],
                  "tests": [
                    {
                      "title": "Get all master data by passing multiple codes",
                      "fullTitle": "Master Data APIs Get master data Fetch master data by codes Get all master data by passing multiple codes",
                      "timedOut": false,
                      "duration": 1,
                      "state": "passed",
                      "speed": "fast",
                      "pass": true,
                      "fail": false,
                      "pending": false,
                      "context": null,
                      "code": "serv.getMasterDataByCodes('2019, 2020, 2021, 2022, 2023, ADDR_F, ADDR_L, ADVISORY,'+\n            ' AGENCY_NAME_FOREIGN_1_1, AGENCY_NAME_FOREIGN_1_2, AGENCY_NAME_FOREIGN_1_3, AGENCY_NAME_FOREIGN_1_4, AGENCY_NAME_FOREIGN_1_5, '+\n            'AGENCY_NAME_FOREIGN_2_1, AGENCY_NAME_FOREIGN_2_2, AGENCY_NAME_FOREIGN_2_3, AGENCY_NAME_FOREIGN_2_4, AGENCY_NAME_FOREIGN_2_5, AGENCY_NAME_FOREIGN_3_1, '+\n            'AGENCY_NAME_FOREIGN_3_2, AGENCY_NAME_FOREIGN_3_3, AGENCY_NAME_FOREIGN_3_4, AGENCY_NAME_FOREIGN_3_5, AGENCY_NAME_FOREIGN_4_1, AGENCY_NAME_FOREIGN_4_2, '+\n            'AGENCY_NAME_FOREIGN_4_3, AGENCY_NAME_FOREIGN_4_4, AGENCY_NAME_FOREIGN_4_5, AGENCY_NAME_FOREIGN_5_1, AGENCY_NAME_FOREIGN_5_2, AGENCY_NAME_FOREIGN_5_3, '+\n            'AGENCY_NAME_FOREIGN_5_4, AGENCY_NAME_FOREIGN_5_5, AGENCY_TYPE_FOREIGN_1, AGENCY_TYPE_FOREIGN_2, AGENCY_TYPE_FOREIGN_3, AGENCY_TYPE_FOREIGN_4, '+\n            'AGENCY_TYPE_FOREIGN_5, CASE_ACTIVITY_TYPE_1, CASE_ACTIVITY_TYPE_2, CASE_ACTIVITY_TYPE_3, CASE_ACTIVITY_TYPE_4, CASE_ACTIVITY_TYPE_5, CASE_COMPLEXITY_1, '+\n            'CASE_COMPLEXITY_2, CASE_COMPLEXITY_3, CASE_COMPLEXITY_4, CASE_COMPLEXITY_5, CASE_FATF_1, CASE_FATF_2, CASE_FATF_3, CASE_FATF_4, CASE_FATF_5, CASE_STATUS_1, '+\n            'CASE_STATUS_2, CASE_STATUS_3, CIRCULATION OFFICER, COUNTRY_1, COUNTRY_2, COUNTRY_3, COUNTRY_4, COUNTRY_5, CSTAT_DO, CSTAT_O, D1, D2, D3, '+\n            'EXTERNAL_AGENCY_NAME_1_1, EXTERNAL_AGENCY_NAME_1_2, EXTERNAL_AGENCY_NAME_1_3, EXTERNAL_AGENCY_NAME_1_4, EXTERNAL_AGENCY_NAME_1_5, EXTERNAL_AGENCY_NAME_2_1, '+\n            'EXTERNAL_AGENCY_NAME_2_2, EXTERNAL_AGENCY_NAME_2_3, EXTERNAL_AGENCY_NAME_2_4, EXTERNAL_AGENCY_NAME_2_5, EXTERNAL_AGENCY_NAME_3_1, EXTERNAL_AGENCY_NAME_3_2, '+\n            'EXTERNAL_AGENCY_NAME_3_3, EXTERNAL_AGENCY_NAME_3_4, EXTERNAL_AGENCY_NAME_3_5, EXTERNAL_AGENCY_NAME_4_1, EXTERNAL_AGENCY_NAME_4_2, EXTERNAL_AGENCY_NAME_4_3, '+\n            'EXTERNAL_AGENCY_NAME_4_4, EXTERNAL_AGENCY_NAME_4_5, EXTERNAL_AGENCY_NAME_5_1, EXTERNAL_AGENCY_NAME_5_2, EXTERNAL_AGENCY_NAME_5_3, EXTERNAL_AGENCY_NAME_5_4, '+\n            'EXTERNAL_AGENCY_NAME_5_5, EXTERNAL_AGENCY_TYPE_1, EXTERNAL_AGENCY_TYPE_2, EXTERNAL_AGENCY_TYPE_3, EXTERNAL_AGENCY_TYPE_4, EXTERNAL_AGENCY_TYPE_5, EXTR-F, '+\n            'EXTR-T, EXTRADITION, EXTRADITION_CASE, FILE_DIVISION_1_DOC_1, FILE_DIVISION_1_DOC_2, FILE_DIVISION_1_DOC_3, FILE_DIVISION_1_DOC_4, FILE_DIVISION_1_DOC_5, '+\n            'FILE_DIVISION_2_DOC_1, FILE_DIVISION_2_DOC_2, FILE_DIVISION_2_DOC_3, FILE_DIVISION_2_DOC_4, FILE_DIVISION_2_DOC_5, FILE_DIVISION_3_DOC_1, FILE_DIVISION_3_DOC_2, '+\n            'FILE_DIVISION_3_DOC_3, FILE_DIVISION_3_DOC_4, FILE_DIVISION_3_DOC_5, FILE_DIVISION_4, FILE_DIVISION_4_DOC_1, FILE_DIVISION_4_DOC_2, FILE_DIVISION_4_DOC_3, '+\n            'FILE_DIVISION_4_DOC_4, FILE_DIVISION_4_DOC_5, FILE_DIVISION_5, FILE_DIVISION_5_DOC_1, FILE_DIVISION_5_DOC_2, FILE_DIVISION_5_DOC_3, FILE_DIVISION_5_DOC_4, '+\n            'FILE_DIVISION_5_DOC_5, FILE_HEADER1_1_2, FILE_HEADER1_1_3, FILE_HEADER1_1_4, FILE_HEADER1_1_5, FILE_HEADER1_2_2, FILE_HEADER1_2_3, FILE_HEADER1_2_4, '+\n            'FILE_HEADER1_2_5, FILE_HEADER1_3_2, FILE_HEADER1_3_3, FILE_HEADER1_3_4, FILE_HEADER1_3_5, FILE_HEADER1_4_1, FILE_HEADER1_4_2, FILE_HEADER1_4_3, FILE_HEADER1_4_4, '+\n            'FILE_HEADER1_4_5, FILE_HEADER1_5_1, FILE_HEADER1_5_2, FILE_HEADER1_5_3, FILE_HEADER1_5_4, FILE_HEADER1_5_5, FILE_HEADER2_1_2, FILE_HEADER2_1_3, FILE_HEADER2_1_4, '+\n            'FILE_HEADER2_2_3, FILE_HEADER2_2_4, FILE_HEADER2_2_5, FILE_HEADER2_3_1, FILE_HEADER2_3_2, FILE_HEADER2_3_3, FILE_HEADER2_3_4, FILE_HEADER2_3_5, FILE_HEADER2_4_1, '+\n            'FILE_HEADER2_4_2, FILE_HEADER2_4_3, FILE_HEADER2_4_4, FILE_HEADER2_4_5, FILE_HEADER2_5_1, FILE_HEADER2_5_2, FILE_HEADER2_5_3, FILE_HEADER2_5_4, FILE_HEADER2_5_5, '+\n            'I, LEGAL OFFICER, MLA, MLA_CASE, MLA_CASE_SUB_TYPE_1_3, MLA_CASE_SUB_TYPE_1_4, MLA_CASE_SUB_TYPE_1_5, MLA_CASE_SUB_TYPE_2_1, MLA_CASE_SUB_TYPE_2_2, '+\n            'MLA_CASE_SUB_TYPE_2_3, MLA_CASE_SUB_TYPE_2_4, MLA_CASE_SUB_TYPE_2_5, MLA_CASE_SUB_TYPE_3_1, MLA_CASE_SUB_TYPE_3_2, MLA_CASE_SUB_TYPE_3_3, MLA_CASE_SUB_TYPE_3_4, '+\n            'MLA_CASE_SUB_TYPE_3_5, MLA_CASE_SUB_TYPE_4_1, MLA_CASE_SUB_TYPE_4_2, MLA_CASE_SUB_TYPE_4_3, MLA_CASE_SUB_TYPE_4_4, MLA_CASE_SUB_TYPE_4_5, MLA_CASE_SUB_TYPE_5_1, '+\n            'MLA_CASE_SUB_TYPE_5_2, MLA_CASE_SUB_TYPE_5_3, MLA_CASE_SUB_TYPE_5_4, MLA_CASE_SUB_TYPE_5_5, MLA_CASE_TYPE_3, MLA_CASE_TYPE_4, MLA_CASE_TYPE_5, MLA-F, MLA-T, O, '+\n            'REGISTRY (IAD), REQUEST_COMPLEXITY_1, REQUEST_COMPLEXITY_2, REQUEST_COMPLEXITY_3, REQUEST_COMPLEXITY_4, REQUEST_COMPLEXITY_5, REQUEST_MODE_1, REQUEST_MODE_2, '+\n            'REQUEST_MODE_3, REQUEST_MODE_4, REQUEST_MODE_5, REQUESTED_UNDER_1, REQUESTED_UNDER_2, REQUESTED_UNDER_3, REQUESTED_UNDER_4, REQUESTED_UNDER_5, '+\n            'REQUESTED_UNDER_6, ROOT_CODE_1, RSTAT_A, RSTAT_C, RSTAT_D, RSTAT_O, RSTAT_R, RSTAT_RJ, RTYPE_ADV, RTYPE_CCL, RTYPE_MLA, RURGENT_NU, RURGENT_U, RURGENT_VU, '+\n            'SECURITY_CLASSIFICATION_1, SECURITY_CLASSIFICATION_2, SECURITY_CLASSIFICATION_3, SECURITY_CLASSIFICATION_4, SECURITY_CLASSIFICATION_5')",
                      "err": {},
                      "uuid": "82d20052-1a02-4523-a7e6-c11b1c82c04e",
                      "parentUUID": "ab0ac090-1afb-41b9-9950-272ac5da7e5a",
                      "isHook": false,
                      "skipped": false
                    }
                  ],
                  "suites": [],
                  "passes": [
                    "82d20052-1a02-4523-a7e6-c11b1c82c04e"
                  ],
                  "failures": [],
                  "pending": [],
                  "skipped": [],
                  "duration": 1,
                  "root": false,
                  "rootEmpty": false,
                  "_timeout": 2000
                }
              ],
              "passes": [],
              "failures": [],
              "pending": [],
              "skipped": [],
              "duration": 0,
              "root": false,
              "rootEmpty": false,
              "_timeout": 2000
            }
          ],
          "passes": [],
          "failures": [],
          "pending": [],
          "skipped": [],
          "duration": 0,
          "root": false,
          "rootEmpty": false,
          "_timeout": 2000
        },
        {
          "uuid": "f0ba9c97-57ac-4dad-8d49-4ed5884a0e48",
          "title": "Request APIs",
          "fullFile": "/Users/kiranjoshi/Documents/Nandu/projects/agc-node-api/test/request.js",
          "file": "/test/request.js",
          "beforeHooks": [
            {
              "title": "\"before each\" hook in \"Request APIs\"",
              "fullTitle": "Request APIs \"before each\" hook in \"Request APIs\"",
              "timedOut": false,
              "duration": 1,
              "state": null,
              "speed": null,
              "pass": false,
              "fail": false,
              "pending": false,
              "context": null,
              "code": "totalCases++;",
              "err": {},
              "uuid": "c503e189-15c1-46c4-8ad6-d4943713992a",
              "parentUUID": "f0ba9c97-57ac-4dad-8d49-4ed5884a0e48",
              "isHook": true,
              "skipped": false
            }
          ],
          "afterHooks": [],
          "tests": [],
          "suites": [
            {
              "uuid": "1a621edf-c2f3-4c96-aae0-20aca7e6e8ff",
              "title": "Get request by request number",
              "fullFile": "/Users/kiranjoshi/Documents/Nandu/projects/agc-node-api/test/request.js",
              "file": "/test/request.js",
              "beforeHooks": [],
              "afterHooks": [],
              "tests": [
                {
                  "title": "Should get request details for the given request number",
                  "fullTitle": "Request APIs Get request by request number Should get request details for the given request number",
                  "timedOut": false,
                  "duration": 0,
                  "state": "passed",
                  "speed": "fast",
                  "pass": true,
                  "fail": false,
                  "pending": false,
                  "context": null,
                  "code": "serv.getRequestByNumber('ADV-8')",
                  "err": {},
                  "uuid": "7d913448-a7b0-49e1-81ae-606782372453",
                  "parentUUID": "1a621edf-c2f3-4c96-aae0-20aca7e6e8ff",
                  "isHook": false,
                  "skipped": false
                }
              ],
              "suites": [],
              "passes": [
                "7d913448-a7b0-49e1-81ae-606782372453"
              ],
              "failures": [],
              "pending": [],
              "skipped": [],
              "duration": 0,
              "root": false,
              "rootEmpty": false,
              "_timeout": 2000
            },
            {
              "uuid": "7559aef4-d467-42fc-bf72-8890377be6d4",
              "title": "Get request details by request number",
              "fullFile": "/Users/kiranjoshi/Documents/Nandu/projects/agc-node-api/test/request.js",
              "file": "/test/request.js",
              "beforeHooks": [],
              "afterHooks": [],
              "tests": [
                {
                  "title": "Should get complete request details for the given request number",
                  "fullTitle": "Request APIs Get request details by request number Should get complete request details for the given request number",
                  "timedOut": false,
                  "duration": 1,
                  "state": "passed",
                  "speed": "fast",
                  "pass": true,
                  "fail": false,
                  "pending": false,
                  "context": null,
                  "code": "serv.readRequestByNumber('ADV-8')",
                  "err": {},
                  "uuid": "8fd96192-1d96-465f-8edb-1f038f0e40dc",
                  "parentUUID": "7559aef4-d467-42fc-bf72-8890377be6d4",
                  "isHook": false,
                  "skipped": false
                }
              ],
              "suites": [],
              "passes": [
                "8fd96192-1d96-465f-8edb-1f038f0e40dc"
              ],
              "failures": [],
              "pending": [],
              "skipped": [],
              "duration": 1,
              "root": false,
              "rootEmpty": false,
              "_timeout": 2000
            },
            {
              "uuid": "7c2d6ee7-2931-4205-b71a-0de28bb88ee9",
              "title": "Get request details by file reference number",
              "fullFile": "/Users/kiranjoshi/Documents/Nandu/projects/agc-node-api/test/request.js",
              "file": "/test/request.js",
              "beforeHooks": [],
              "afterHooks": [],
              "tests": [
                {
                  "title": "Should get request details for the given file reference number",
                  "fullTitle": "Request APIs Get request details by file reference number Should get request details for the given file reference number",
                  "timedOut": false,
                  "duration": 1,
                  "state": "passed",
                  "speed": "fast",
                  "pass": true,
                  "fail": false,
                  "pending": false,
                  "context": null,
                  "code": "serv.getRequestsForFileReference('AG/CIRCULATION OFFICER/FILE_HEADER1_3_2/FILE_HEADER2_2/2023/11')",
                  "err": {},
                  "uuid": "d458654a-565a-47b1-a3e9-2be4f6530679",
                  "parentUUID": "7c2d6ee7-2931-4205-b71a-0de28bb88ee9",
                  "isHook": false,
                  "skipped": false
                }
              ],
              "suites": [],
              "passes": [
                "d458654a-565a-47b1-a3e9-2be4f6530679"
              ],
              "failures": [],
              "pending": [],
              "skipped": [],
              "duration": 1,
              "root": false,
              "rootEmpty": false,
              "_timeout": 2000
            },
            {
              "uuid": "08da38c6-6cdd-4cb4-84c5-d241a5424cfc",
              "title": "Get all the requests",
              "fullFile": "/Users/kiranjoshi/Documents/Nandu/projects/agc-node-api/test/request.js",
              "file": "/test/request.js",
              "beforeHooks": [],
              "afterHooks": [],
              "tests": [
                {
                  "title": "Should get all the available requests",
                  "fullTitle": "Request APIs Get all the requests Should get all the available requests",
                  "timedOut": false,
                  "duration": 0,
                  "state": "passed",
                  "speed": "fast",
                  "pass": true,
                  "fail": false,
                  "pending": false,
                  "context": null,
                  "code": "serv.getAllRequests()",
                  "err": {},
                  "uuid": "cea2fe86-3a42-483f-a2bf-fe88dde44bef",
                  "parentUUID": "08da38c6-6cdd-4cb4-84c5-d241a5424cfc",
                  "isHook": false,
                  "skipped": false
                }
              ],
              "suites": [],
              "passes": [
                "cea2fe86-3a42-483f-a2bf-fe88dde44bef"
              ],
              "failures": [],
              "pending": [],
              "skipped": [],
              "duration": 0,
              "root": false,
              "rootEmpty": false,
              "_timeout": 2000
            }
          ],
          "passes": [],
          "failures": [],
          "pending": [],
          "skipped": [],
          "duration": 0,
          "root": false,
          "rootEmpty": false,
          "_timeout": 2000
        }
      ],
      "passes": [],
      "failures": [],
      "pending": [],
      "skipped": [],
      "duration": 0,
      "root": true,
      "rootEmpty": true,
      "_timeout": 2000
    }
  ],
  "meta": {
    "mocha": {
      "version": "10.2.0"
    },
    "mochawesome": {
      "options": {
        "quiet": false,
        "reportFilename": "mochawesome",
        "saveHtml": true,
        "saveJson": true,
        "consoleReporter": "spec",
        "useInlineDiffs": false,
        "code": true
      },
      "version": "7.1.3"
    },
    "marge": {
      "options": null,
      "version": "6.2.0"
    }
  }
}