{
  "stats": {
    "suites": 57,
    "tests": 366,
    "passes": 366,
    "pending": 0,
    "failures": 0,
    "start": "2023-06-23T13:22:37.212Z",
    "end": "2023-06-23T13:22:38.787Z",
    "duration": 1575,
    "testsRegistered": 366,
    "passPercent": 100,
    "pendingPercent": 0,
    "other": 0,
    "hasOther": false,
    "skipped": 0,
    "hasSkipped": false
  },
  "results": [
    {
      "uuid": "0f763796-65a7-4c91-b909-61a7da0c546d",
      "title": "",
      "fullFile": "",
      "file": "",
      "beforeHooks": [],
      "afterHooks": [],
      "tests": [],
      "suites": [
        {
          "uuid": "e0ad91b7-1db4-4ebe-80fc-4e14e6763006",
          "title": "Common APIs",
          "fullFile": "/Users/kiranjoshi/Documents/Nandu/projects/agc-node-api/test/agc.js",
          "file": "/test/agc.js",
          "beforeHooks": [
            {
              "title": "\"before each\" hook in \"Common APIs\"",
              "fullTitle": "Common APIs \"before each\" hook in \"Common APIs\"",
              "timedOut": false,
              "duration": 0,
              "state": null,
              "speed": null,
              "pass": false,
              "fail": false,
              "pending": false,
              "context": null,
              "code": "totalCases++;",
              "err": {},
              "uuid": "e1721339-84e9-4ec0-9e53-40ff7689675b",
              "parentUUID": "e0ad91b7-1db4-4ebe-80fc-4e14e6763006",
              "isHook": true,
              "skipped": false
            }
          ],
          "afterHooks": [],
          "tests": [],
          "suites": [
            {
              "uuid": "ef6e1541-d27c-460c-8521-06506f05f7ed",
              "title": "Get all users",
              "fullFile": "/Users/kiranjoshi/Documents/Nandu/projects/agc-node-api/test/agc.js",
              "file": "/test/agc.js",
              "beforeHooks": [],
              "afterHooks": [],
              "tests": [
                {
                  "title": "Should get all users",
                  "fullTitle": "Common APIs Get all users Should get all users",
                  "timedOut": false,
                  "duration": 6,
                  "state": "passed",
                  "speed": "fast",
                  "pass": true,
                  "fail": false,
                  "pending": false,
                  "context": null,
                  "code": "serv.getAllUsers()",
                  "err": {},
                  "uuid": "5beb5f1a-22ad-4d56-bc83-1d78382ac786",
                  "parentUUID": "ef6e1541-d27c-460c-8521-06506f05f7ed",
                  "isHook": false,
                  "skipped": false
                }
              ],
              "suites": [],
              "passes": [
                "5beb5f1a-22ad-4d56-bc83-1d78382ac786"
              ],
              "failures": [],
              "pending": [],
              "skipped": [],
              "duration": 6,
              "root": false,
              "rootEmpty": false,
              "_timeout": 2000
            },
            {
              "uuid": "f89b972c-d2c0-4553-8905-1ebcfe358ac4",
              "title": "Get user notifications",
              "fullFile": "/Users/kiranjoshi/Documents/Nandu/projects/agc-node-api/test/agc.js",
              "file": "/test/agc.js",
              "beforeHooks": [],
              "afterHooks": [],
              "tests": [],
              "suites": [
                {
                  "uuid": "ffed418a-4c13-492e-aef5-70a4b0743045",
                  "title": "priya user notifications",
                  "fullFile": "/Users/kiranjoshi/Documents/Nandu/projects/agc-node-api/test/agc.js",
                  "file": "/test/agc.js",
                  "beforeHooks": [],
                  "afterHooks": [],
                  "tests": [
                    {
                      "title": "Should get notifications for priya user",
                      "fullTitle": "Common APIs Get user notifications priya user notifications Should get notifications for priya user",
                      "timedOut": false,
                      "duration": 1,
                      "state": "passed",
                      "speed": "fast",
                      "pass": true,
                      "fail": false,
                      "pending": false,
                      "context": null,
                      "code": "serv.getUserNotifications('priya')",
                      "err": {},
                      "uuid": "96531e57-06b0-42ea-a60e-c26d2f4bd44f",
                      "parentUUID": "ffed418a-4c13-492e-aef5-70a4b0743045",
                      "isHook": false,
                      "skipped": false
                    }
                  ],
                  "suites": [],
                  "passes": [
                    "96531e57-06b0-42ea-a60e-c26d2f4bd44f"
                  ],
                  "failures": [],
                  "pending": [],
                  "skipped": [],
                  "duration": 1,
                  "root": false,
                  "rootEmpty": false,
                  "_timeout": 2000
                },
                {
                  "uuid": "a07fa75a-ed8d-4792-80fe-f7b8f92963d6",
                  "title": "kiran user notifications",
                  "fullFile": "/Users/kiranjoshi/Documents/Nandu/projects/agc-node-api/test/agc.js",
                  "file": "/test/agc.js",
                  "beforeHooks": [],
                  "afterHooks": [],
                  "tests": [
                    {
                      "title": "Should get notifications for kiran user",
                      "fullTitle": "Common APIs Get user notifications kiran user notifications Should get notifications for kiran user",
                      "timedOut": false,
                      "duration": 1,
                      "state": "passed",
                      "speed": "fast",
                      "pass": true,
                      "fail": false,
                      "pending": false,
                      "context": null,
                      "code": "serv.getUserNotifications('kiran')",
                      "err": {},
                      "uuid": "30591481-36fc-4427-8c0f-7a3c0b7c8bd0",
                      "parentUUID": "a07fa75a-ed8d-4792-80fe-f7b8f92963d6",
                      "isHook": false,
                      "skipped": false
                    }
                  ],
                  "suites": [],
                  "passes": [
                    "30591481-36fc-4427-8c0f-7a3c0b7c8bd0"
                  ],
                  "failures": [],
                  "pending": [],
                  "skipped": [],
                  "duration": 1,
                  "root": false,
                  "rootEmpty": false,
                  "_timeout": 2000
                },
                {
                  "uuid": "bf1e446e-933e-46c3-a20c-63b0e1f7c926",
                  "title": "padmapriya user notifications",
                  "fullFile": "/Users/kiranjoshi/Documents/Nandu/projects/agc-node-api/test/agc.js",
                  "file": "/test/agc.js",
                  "beforeHooks": [],
                  "afterHooks": [],
                  "tests": [
                    {
                      "title": "Should get notifications for padmapriya user",
                      "fullTitle": "Common APIs Get user notifications padmapriya user notifications Should get notifications for padmapriya user",
                      "timedOut": false,
                      "duration": 1,
                      "state": "passed",
                      "speed": "fast",
                      "pass": true,
                      "fail": false,
                      "pending": false,
                      "context": null,
                      "code": "serv.getUserNotifications('padmapriya')",
                      "err": {},
                      "uuid": "d540ac65-522f-4e0c-83d8-f64e649ab100",
                      "parentUUID": "bf1e446e-933e-46c3-a20c-63b0e1f7c926",
                      "isHook": false,
                      "skipped": false
                    }
                  ],
                  "suites": [],
                  "passes": [
                    "d540ac65-522f-4e0c-83d8-f64e649ab100"
                  ],
                  "failures": [],
                  "pending": [],
                  "skipped": [],
                  "duration": 1,
                  "root": false,
                  "rootEmpty": false,
                  "_timeout": 2000
                },
                {
                  "uuid": "91daacc6-7908-43a8-aa87-a798c1b75ae8",
                  "title": "joshi user notifications",
                  "fullFile": "/Users/kiranjoshi/Documents/Nandu/projects/agc-node-api/test/agc.js",
                  "file": "/test/agc.js",
                  "beforeHooks": [],
                  "afterHooks": [],
                  "tests": [
                    {
                      "title": "Should get notifications for joshi user",
                      "fullTitle": "Common APIs Get user notifications joshi user notifications Should get notifications for joshi user",
                      "timedOut": false,
                      "duration": 1,
                      "state": "passed",
                      "speed": "fast",
                      "pass": true,
                      "fail": false,
                      "pending": false,
                      "context": null,
                      "code": "serv.getUserNotifications('joshi')",
                      "err": {},
                      "uuid": "cae2f71d-42b5-437b-b179-ff1734d54197",
                      "parentUUID": "91daacc6-7908-43a8-aa87-a798c1b75ae8",
                      "isHook": false,
                      "skipped": false
                    }
                  ],
                  "suites": [],
                  "passes": [
                    "cae2f71d-42b5-437b-b179-ff1734d54197"
                  ],
                  "failures": [],
                  "pending": [],
                  "skipped": [],
                  "duration": 1,
                  "root": false,
                  "rootEmpty": false,
                  "_timeout": 2000
                },
                {
                  "uuid": "7b809572-3a42-4a38-bda8-c4f1326cc1d5",
                  "title": "pp user notifications",
                  "fullFile": "/Users/kiranjoshi/Documents/Nandu/projects/agc-node-api/test/agc.js",
                  "file": "/test/agc.js",
                  "beforeHooks": [],
                  "afterHooks": [],
                  "tests": [
                    {
                      "title": "Should get notifications for pp user",
                      "fullTitle": "Common APIs Get user notifications pp user notifications Should get notifications for pp user",
                      "timedOut": false,
                      "duration": 1,
                      "state": "passed",
                      "speed": "fast",
                      "pass": true,
                      "fail": false,
                      "pending": false,
                      "context": null,
                      "code": "serv.getUserNotifications('pp')",
                      "err": {},
                      "uuid": "521ba2a8-0627-4d0c-8a5b-0f05f6f64638",
                      "parentUUID": "7b809572-3a42-4a38-bda8-c4f1326cc1d5",
                      "isHook": false,
                      "skipped": false
                    }
                  ],
                  "suites": [],
                  "passes": [
                    "521ba2a8-0627-4d0c-8a5b-0f05f6f64638"
                  ],
                  "failures": [],
                  "pending": [],
                  "skipped": [],
                  "duration": 1,
                  "root": false,
                  "rootEmpty": false,
                  "_timeout": 2000
                },
                {
                  "uuid": "cb413d70-018c-44c4-af0e-d8e816446e49",
                  "title": "kittu user notifications",
                  "fullFile": "/Users/kiranjoshi/Documents/Nandu/projects/agc-node-api/test/agc.js",
                  "file": "/test/agc.js",
                  "beforeHooks": [],
                  "afterHooks": [],
                  "tests": [
                    {
                      "title": "Should get notifications for kittu user",
                      "fullTitle": "Common APIs Get user notifications kittu user notifications Should get notifications for kittu user",
                      "timedOut": false,
                      "duration": 1,
                      "state": "passed",
                      "speed": "fast",
                      "pass": true,
                      "fail": false,
                      "pending": false,
                      "context": null,
                      "code": "serv.getUserNotifications('kittu')",
                      "err": {},
                      "uuid": "2e4b54f7-0625-4253-b10b-af29ef550d8e",
                      "parentUUID": "cb413d70-018c-44c4-af0e-d8e816446e49",
                      "isHook": false,
                      "skipped": false
                    }
                  ],
                  "suites": [],
                  "passes": [
                    "2e4b54f7-0625-4253-b10b-af29ef550d8e"
                  ],
                  "failures": [],
                  "pending": [],
                  "skipped": [],
                  "duration": 1,
                  "root": false,
                  "rootEmpty": false,
                  "_timeout": 2000
                },
                {
                  "uuid": "efcea5c6-f69e-4abe-8ea5-976457c18475",
                  "title": "ppriya user notifications",
                  "fullFile": "/Users/kiranjoshi/Documents/Nandu/projects/agc-node-api/test/agc.js",
                  "file": "/test/agc.js",
                  "beforeHooks": [],
                  "afterHooks": [],
                  "tests": [
                    {
                      "title": "Should get notifications for ppriya user",
                      "fullTitle": "Common APIs Get user notifications ppriya user notifications Should get notifications for ppriya user",
                      "timedOut": false,
                      "duration": 1,
                      "state": "passed",
                      "speed": "fast",
                      "pass": true,
                      "fail": false,
                      "pending": false,
                      "context": null,
                      "code": "serv.getUserNotifications('ppriya')",
                      "err": {},
                      "uuid": "0183afa3-f037-4f68-89da-3ddc85f44811",
                      "parentUUID": "efcea5c6-f69e-4abe-8ea5-976457c18475",
                      "isHook": false,
                      "skipped": false
                    }
                  ],
                  "suites": [],
                  "passes": [
                    "0183afa3-f037-4f68-89da-3ddc85f44811"
                  ],
                  "failures": [],
                  "pending": [],
                  "skipped": [],
                  "duration": 1,
                  "root": false,
                  "rootEmpty": false,
                  "_timeout": 2000
                }
              ],
              "passes": [],
              "failures": [],
              "pending": [],
              "skipped": [],
              "duration": 0,
              "root": false,
              "rootEmpty": false,
              "_timeout": 2000
            },
            {
              "uuid": "68fd679f-21f7-4504-8e2d-4a42c71d1c8d",
              "title": "Get user divisions",
              "fullFile": "/Users/kiranjoshi/Documents/Nandu/projects/agc-node-api/test/agc.js",
              "file": "/test/agc.js",
              "beforeHooks": [],
              "afterHooks": [],
              "tests": [],
              "suites": [
                {
                  "uuid": "59d9af36-2122-4e27-9782-905bee85948f",
                  "title": "priya user divisions",
                  "fullFile": "/Users/kiranjoshi/Documents/Nandu/projects/agc-node-api/test/agc.js",
                  "file": "/test/agc.js",
                  "beforeHooks": [],
                  "afterHooks": [],
                  "tests": [
                    {
                      "title": "Should get divisions for priya user",
                      "fullTitle": "Common APIs Get user divisions priya user divisions Should get divisions for priya user",
                      "timedOut": false,
                      "duration": 1,
                      "state": "passed",
                      "speed": "fast",
                      "pass": true,
                      "fail": false,
                      "pending": false,
                      "context": null,
                      "code": "serv.getUserDivisions('priya')",
                      "err": {},
                      "uuid": "ade9f88c-db7e-41f3-aaa9-ddeacf131132",
                      "parentUUID": "59d9af36-2122-4e27-9782-905bee85948f",
                      "isHook": false,
                      "skipped": false
                    }
                  ],
                  "suites": [],
                  "passes": [
                    "ade9f88c-db7e-41f3-aaa9-ddeacf131132"
                  ],
                  "failures": [],
                  "pending": [],
                  "skipped": [],
                  "duration": 1,
                  "root": false,
                  "rootEmpty": false,
                  "_timeout": 2000
                },
                {
                  "uuid": "729e18e7-dc5b-44ec-bcf2-d50db381f714",
                  "title": "kiran user divisions",
                  "fullFile": "/Users/kiranjoshi/Documents/Nandu/projects/agc-node-api/test/agc.js",
                  "file": "/test/agc.js",
                  "beforeHooks": [],
                  "afterHooks": [],
                  "tests": [
                    {
                      "title": "Should get divisions for kiran user",
                      "fullTitle": "Common APIs Get user divisions kiran user divisions Should get divisions for kiran user",
                      "timedOut": false,
                      "duration": 1,
                      "state": "passed",
                      "speed": "fast",
                      "pass": true,
                      "fail": false,
                      "pending": false,
                      "context": null,
                      "code": "serv.getUserDivisions('kiran')",
                      "err": {},
                      "uuid": "7890da30-c8a9-4242-abab-eb45b7c305ea",
                      "parentUUID": "729e18e7-dc5b-44ec-bcf2-d50db381f714",
                      "isHook": false,
                      "skipped": false
                    }
                  ],
                  "suites": [],
                  "passes": [
                    "7890da30-c8a9-4242-abab-eb45b7c305ea"
                  ],
                  "failures": [],
                  "pending": [],
                  "skipped": [],
                  "duration": 1,
                  "root": false,
                  "rootEmpty": false,
                  "_timeout": 2000
                },
                {
                  "uuid": "af775178-3683-4328-bd62-32c589570fb5",
                  "title": "padmapriya user divisions",
                  "fullFile": "/Users/kiranjoshi/Documents/Nandu/projects/agc-node-api/test/agc.js",
                  "file": "/test/agc.js",
                  "beforeHooks": [],
                  "afterHooks": [],
                  "tests": [
                    {
                      "title": "Should get divisions for padmapriya user",
                      "fullTitle": "Common APIs Get user divisions padmapriya user divisions Should get divisions for padmapriya user",
                      "timedOut": false,
                      "duration": 1,
                      "state": "passed",
                      "speed": "fast",
                      "pass": true,
                      "fail": false,
                      "pending": false,
                      "context": null,
                      "code": "serv.getUserDivisions('padmapriya')",
                      "err": {},
                      "uuid": "6cbcd800-ce1d-4c42-8f7e-49a53f250601",
                      "parentUUID": "af775178-3683-4328-bd62-32c589570fb5",
                      "isHook": false,
                      "skipped": false
                    }
                  ],
                  "suites": [],
                  "passes": [
                    "6cbcd800-ce1d-4c42-8f7e-49a53f250601"
                  ],
                  "failures": [],
                  "pending": [],
                  "skipped": [],
                  "duration": 1,
                  "root": false,
                  "rootEmpty": false,
                  "_timeout": 2000
                },
                {
                  "uuid": "7ed6d43c-3f5b-422b-bfc1-b245a0718cb4",
                  "title": "joshi user divisions",
                  "fullFile": "/Users/kiranjoshi/Documents/Nandu/projects/agc-node-api/test/agc.js",
                  "file": "/test/agc.js",
                  "beforeHooks": [],
                  "afterHooks": [],
                  "tests": [
                    {
                      "title": "Should get divisions for joshi user",
                      "fullTitle": "Common APIs Get user divisions joshi user divisions Should get divisions for joshi user",
                      "timedOut": false,
                      "duration": 1,
                      "state": "passed",
                      "speed": "fast",
                      "pass": true,
                      "fail": false,
                      "pending": false,
                      "context": null,
                      "code": "serv.getUserDivisions('joshi')",
                      "err": {},
                      "uuid": "10787000-d9e8-4653-bc38-0931ffef26d9",
                      "parentUUID": "7ed6d43c-3f5b-422b-bfc1-b245a0718cb4",
                      "isHook": false,
                      "skipped": false
                    }
                  ],
                  "suites": [],
                  "passes": [
                    "10787000-d9e8-4653-bc38-0931ffef26d9"
                  ],
                  "failures": [],
                  "pending": [],
                  "skipped": [],
                  "duration": 1,
                  "root": false,
                  "rootEmpty": false,
                  "_timeout": 2000
                },
                {
                  "uuid": "8428ccbe-d4e0-4f85-891a-42ed4053e5ed",
                  "title": "pp user divisions",
                  "fullFile": "/Users/kiranjoshi/Documents/Nandu/projects/agc-node-api/test/agc.js",
                  "file": "/test/agc.js",
                  "beforeHooks": [],
                  "afterHooks": [],
                  "tests": [
                    {
                      "title": "Should get divisions for pp user",
                      "fullTitle": "Common APIs Get user divisions pp user divisions Should get divisions for pp user",
                      "timedOut": false,
                      "duration": 1,
                      "state": "passed",
                      "speed": "fast",
                      "pass": true,
                      "fail": false,
                      "pending": false,
                      "context": null,
                      "code": "serv.getUserDivisions('pp')",
                      "err": {},
                      "uuid": "23abf85a-2844-4188-bf82-224d8d4aba07",
                      "parentUUID": "8428ccbe-d4e0-4f85-891a-42ed4053e5ed",
                      "isHook": false,
                      "skipped": false
                    }
                  ],
                  "suites": [],
                  "passes": [
                    "23abf85a-2844-4188-bf82-224d8d4aba07"
                  ],
                  "failures": [],
                  "pending": [],
                  "skipped": [],
                  "duration": 1,
                  "root": false,
                  "rootEmpty": false,
                  "_timeout": 2000
                },
                {
                  "uuid": "2ad18328-14ef-415f-8082-e543ce3426f0",
                  "title": "kittu user divisions",
                  "fullFile": "/Users/kiranjoshi/Documents/Nandu/projects/agc-node-api/test/agc.js",
                  "file": "/test/agc.js",
                  "beforeHooks": [],
                  "afterHooks": [],
                  "tests": [
                    {
                      "title": "Should get divisions for kittu user",
                      "fullTitle": "Common APIs Get user divisions kittu user divisions Should get divisions for kittu user",
                      "timedOut": false,
                      "duration": 1,
                      "state": "passed",
                      "speed": "fast",
                      "pass": true,
                      "fail": false,
                      "pending": false,
                      "context": null,
                      "code": "serv.getUserDivisions('kittu')",
                      "err": {},
                      "uuid": "17e4be02-b0c6-4f55-9df1-8aa74598992f",
                      "parentUUID": "2ad18328-14ef-415f-8082-e543ce3426f0",
                      "isHook": false,
                      "skipped": false
                    }
                  ],
                  "suites": [],
                  "passes": [
                    "17e4be02-b0c6-4f55-9df1-8aa74598992f"
                  ],
                  "failures": [],
                  "pending": [],
                  "skipped": [],
                  "duration": 1,
                  "root": false,
                  "rootEmpty": false,
                  "_timeout": 2000
                },
                {
                  "uuid": "b83d6892-4edf-477a-95c0-6d358f31d33c",
                  "title": "ppriya user divisions",
                  "fullFile": "/Users/kiranjoshi/Documents/Nandu/projects/agc-node-api/test/agc.js",
                  "file": "/test/agc.js",
                  "beforeHooks": [],
                  "afterHooks": [],
                  "tests": [
                    {
                      "title": "Should get divisions for ppriya user",
                      "fullTitle": "Common APIs Get user divisions ppriya user divisions Should get divisions for ppriya user",
                      "timedOut": false,
                      "duration": 1,
                      "state": "passed",
                      "speed": "fast",
                      "pass": true,
                      "fail": false,
                      "pending": false,
                      "context": null,
                      "code": "serv.getUserDivisions('ppriya')",
                      "err": {},
                      "uuid": "4ce8d21d-9903-48a8-b416-84e60ab734a1",
                      "parentUUID": "b83d6892-4edf-477a-95c0-6d358f31d33c",
                      "isHook": false,
                      "skipped": false
                    }
                  ],
                  "suites": [],
                  "passes": [
                    "4ce8d21d-9903-48a8-b416-84e60ab734a1"
                  ],
                  "failures": [],
                  "pending": [],
                  "skipped": [],
                  "duration": 1,
                  "root": false,
                  "rootEmpty": false,
                  "_timeout": 2000
                }
              ],
              "passes": [],
              "failures": [],
              "pending": [],
              "skipped": [],
              "duration": 0,
              "root": false,
              "rootEmpty": false,
              "_timeout": 2000
            },
            {
              "uuid": "5459e572-cd9a-487d-aa0e-f41dc29e8a1e",
              "title": "Get user profile",
              "fullFile": "/Users/kiranjoshi/Documents/Nandu/projects/agc-node-api/test/agc.js",
              "file": "/test/agc.js",
              "beforeHooks": [],
              "afterHooks": [],
              "tests": [],
              "suites": [
                {
                  "uuid": "30348b07-8608-42f9-b147-6976b0eb98e2",
                  "title": "priya user profile",
                  "fullFile": "/Users/kiranjoshi/Documents/Nandu/projects/agc-node-api/test/agc.js",
                  "file": "/test/agc.js",
                  "beforeHooks": [],
                  "afterHooks": [],
                  "tests": [
                    {
                      "title": "Should get profile for priya user",
                      "fullTitle": "Common APIs Get user profile priya user profile Should get profile for priya user",
                      "timedOut": false,
                      "duration": 1,
                      "state": "passed",
                      "speed": "fast",
                      "pass": true,
                      "fail": false,
                      "pending": false,
                      "context": null,
                      "code": "serv.getUserProfile('priya')",
                      "err": {},
                      "uuid": "bb0797ae-bdfd-48b8-8442-8b357ef2fabf",
                      "parentUUID": "30348b07-8608-42f9-b147-6976b0eb98e2",
                      "isHook": false,
                      "skipped": false
                    }
                  ],
                  "suites": [],
                  "passes": [
                    "bb0797ae-bdfd-48b8-8442-8b357ef2fabf"
                  ],
                  "failures": [],
                  "pending": [],
                  "skipped": [],
                  "duration": 1,
                  "root": false,
                  "rootEmpty": false,
                  "_timeout": 2000
                },
                {
                  "uuid": "d971f93e-a7d2-4756-8328-02d004d03138",
                  "title": "kiran user profile",
                  "fullFile": "/Users/kiranjoshi/Documents/Nandu/projects/agc-node-api/test/agc.js",
                  "file": "/test/agc.js",
                  "beforeHooks": [],
                  "afterHooks": [],
                  "tests": [
                    {
                      "title": "Should get profile for kiran user",
                      "fullTitle": "Common APIs Get user profile kiran user profile Should get profile for kiran user",
                      "timedOut": false,
                      "duration": 1,
                      "state": "passed",
                      "speed": "fast",
                      "pass": true,
                      "fail": false,
                      "pending": false,
                      "context": null,
                      "code": "serv.getUserProfile('kiran')",
                      "err": {},
                      "uuid": "9df3770d-4710-4e1d-adfc-3eb99999708a",
                      "parentUUID": "d971f93e-a7d2-4756-8328-02d004d03138",
                      "isHook": false,
                      "skipped": false
                    }
                  ],
                  "suites": [],
                  "passes": [
                    "9df3770d-4710-4e1d-adfc-3eb99999708a"
                  ],
                  "failures": [],
                  "pending": [],
                  "skipped": [],
                  "duration": 1,
                  "root": false,
                  "rootEmpty": false,
                  "_timeout": 2000
                },
                {
                  "uuid": "33b47632-14ba-40bb-80d8-5cfbe5e3fd90",
                  "title": "padmapriya user profile",
                  "fullFile": "/Users/kiranjoshi/Documents/Nandu/projects/agc-node-api/test/agc.js",
                  "file": "/test/agc.js",
                  "beforeHooks": [],
                  "afterHooks": [],
                  "tests": [
                    {
                      "title": "Should get profile for padmapriya user",
                      "fullTitle": "Common APIs Get user profile padmapriya user profile Should get profile for padmapriya user",
                      "timedOut": false,
                      "duration": 1,
                      "state": "passed",
                      "speed": "fast",
                      "pass": true,
                      "fail": false,
                      "pending": false,
                      "context": null,
                      "code": "serv.getUserProfile('padmapriya')",
                      "err": {},
                      "uuid": "5240e4f0-1edb-4b90-bfe2-f15a86db7b38",
                      "parentUUID": "33b47632-14ba-40bb-80d8-5cfbe5e3fd90",
                      "isHook": false,
                      "skipped": false
                    }
                  ],
                  "suites": [],
                  "passes": [
                    "5240e4f0-1edb-4b90-bfe2-f15a86db7b38"
                  ],
                  "failures": [],
                  "pending": [],
                  "skipped": [],
                  "duration": 1,
                  "root": false,
                  "rootEmpty": false,
                  "_timeout": 2000
                },
                {
                  "uuid": "459bb256-6b8f-4439-8501-5a6e47ba737c",
                  "title": "joshi user profile",
                  "fullFile": "/Users/kiranjoshi/Documents/Nandu/projects/agc-node-api/test/agc.js",
                  "file": "/test/agc.js",
                  "beforeHooks": [],
                  "afterHooks": [],
                  "tests": [
                    {
                      "title": "Should get profile for joshi user",
                      "fullTitle": "Common APIs Get user profile joshi user profile Should get profile for joshi user",
                      "timedOut": false,
                      "duration": 1,
                      "state": "passed",
                      "speed": "fast",
                      "pass": true,
                      "fail": false,
                      "pending": false,
                      "context": null,
                      "code": "serv.getUserProfile('joshi')",
                      "err": {},
                      "uuid": "6d0711fc-d5fb-456d-a3ac-2eea0f63204b",
                      "parentUUID": "459bb256-6b8f-4439-8501-5a6e47ba737c",
                      "isHook": false,
                      "skipped": false
                    }
                  ],
                  "suites": [],
                  "passes": [
                    "6d0711fc-d5fb-456d-a3ac-2eea0f63204b"
                  ],
                  "failures": [],
                  "pending": [],
                  "skipped": [],
                  "duration": 1,
                  "root": false,
                  "rootEmpty": false,
                  "_timeout": 2000
                },
                {
                  "uuid": "46333c19-25dc-4dd4-a0ab-2cb7e108f403",
                  "title": "pp user profile",
                  "fullFile": "/Users/kiranjoshi/Documents/Nandu/projects/agc-node-api/test/agc.js",
                  "file": "/test/agc.js",
                  "beforeHooks": [],
                  "afterHooks": [],
                  "tests": [
                    {
                      "title": "Should get profile for pp user",
                      "fullTitle": "Common APIs Get user profile pp user profile Should get profile for pp user",
                      "timedOut": false,
                      "duration": 1,
                      "state": "passed",
                      "speed": "fast",
                      "pass": true,
                      "fail": false,
                      "pending": false,
                      "context": null,
                      "code": "serv.getUserProfile('pp')",
                      "err": {},
                      "uuid": "97c6760f-a8df-4ca0-90e1-b9956fd7dfbb",
                      "parentUUID": "46333c19-25dc-4dd4-a0ab-2cb7e108f403",
                      "isHook": false,
                      "skipped": false
                    }
                  ],
                  "suites": [],
                  "passes": [
                    "97c6760f-a8df-4ca0-90e1-b9956fd7dfbb"
                  ],
                  "failures": [],
                  "pending": [],
                  "skipped": [],
                  "duration": 1,
                  "root": false,
                  "rootEmpty": false,
                  "_timeout": 2000
                },
                {
                  "uuid": "ef1f2fe0-3bd6-4a77-8094-d02c3d99d042",
                  "title": "kittu user profile",
                  "fullFile": "/Users/kiranjoshi/Documents/Nandu/projects/agc-node-api/test/agc.js",
                  "file": "/test/agc.js",
                  "beforeHooks": [],
                  "afterHooks": [],
                  "tests": [
                    {
                      "title": "Should get profile for kittu user",
                      "fullTitle": "Common APIs Get user profile kittu user profile Should get profile for kittu user",
                      "timedOut": false,
                      "duration": 2,
                      "state": "passed",
                      "speed": "fast",
                      "pass": true,
                      "fail": false,
                      "pending": false,
                      "context": null,
                      "code": "serv.getUserProfile('kittu')",
                      "err": {},
                      "uuid": "b95b8382-7652-4ead-ba69-6d4206c81a23",
                      "parentUUID": "ef1f2fe0-3bd6-4a77-8094-d02c3d99d042",
                      "isHook": false,
                      "skipped": false
                    }
                  ],
                  "suites": [],
                  "passes": [
                    "b95b8382-7652-4ead-ba69-6d4206c81a23"
                  ],
                  "failures": [],
                  "pending": [],
                  "skipped": [],
                  "duration": 2,
                  "root": false,
                  "rootEmpty": false,
                  "_timeout": 2000
                },
                {
                  "uuid": "0e0eff38-0d5b-4358-8314-3cbbde965d6a",
                  "title": "ppriya user profile",
                  "fullFile": "/Users/kiranjoshi/Documents/Nandu/projects/agc-node-api/test/agc.js",
                  "file": "/test/agc.js",
                  "beforeHooks": [],
                  "afterHooks": [],
                  "tests": [
                    {
                      "title": "Should get profile for ppriya user",
                      "fullTitle": "Common APIs Get user profile ppriya user profile Should get profile for ppriya user",
                      "timedOut": false,
                      "duration": 0,
                      "state": "passed",
                      "speed": "fast",
                      "pass": true,
                      "fail": false,
                      "pending": false,
                      "context": null,
                      "code": "serv.getUserProfile('ppriya')",
                      "err": {},
                      "uuid": "1dfaea6b-ab9c-483a-b92b-4b8a371f8546",
                      "parentUUID": "0e0eff38-0d5b-4358-8314-3cbbde965d6a",
                      "isHook": false,
                      "skipped": false
                    }
                  ],
                  "suites": [],
                  "passes": [
                    "1dfaea6b-ab9c-483a-b92b-4b8a371f8546"
                  ],
                  "failures": [],
                  "pending": [],
                  "skipped": [],
                  "duration": 0,
                  "root": false,
                  "rootEmpty": false,
                  "_timeout": 2000
                }
              ],
              "passes": [],
              "failures": [],
              "pending": [],
              "skipped": [],
              "duration": 0,
              "root": false,
              "rootEmpty": false,
              "_timeout": 2000
            },
            {
              "uuid": "18254680-295a-4d83-a943-0b67a68b5f01",
              "title": "Get user details",
              "fullFile": "/Users/kiranjoshi/Documents/Nandu/projects/agc-node-api/test/agc.js",
              "file": "/test/agc.js",
              "beforeHooks": [],
              "afterHooks": [],
              "tests": [],
              "suites": [
                {
                  "uuid": "dfb332d3-b133-4cca-a7e1-7198df692cda",
                  "title": "priya user details",
                  "fullFile": "/Users/kiranjoshi/Documents/Nandu/projects/agc-node-api/test/agc.js",
                  "file": "/test/agc.js",
                  "beforeHooks": [],
                  "afterHooks": [],
                  "tests": [
                    {
                      "title": "Should get details for priya user",
                      "fullTitle": "Common APIs Get user details priya user details Should get details for priya user",
                      "timedOut": false,
                      "duration": 2,
                      "state": "passed",
                      "speed": "fast",
                      "pass": true,
                      "fail": false,
                      "pending": false,
                      "context": null,
                      "code": "serv.getUserDetails('priya')",
                      "err": {},
                      "uuid": "a6f1cf8d-3166-467c-a58a-2a4404998e2b",
                      "parentUUID": "dfb332d3-b133-4cca-a7e1-7198df692cda",
                      "isHook": false,
                      "skipped": false
                    }
                  ],
                  "suites": [],
                  "passes": [
                    "a6f1cf8d-3166-467c-a58a-2a4404998e2b"
                  ],
                  "failures": [],
                  "pending": [],
                  "skipped": [],
                  "duration": 2,
                  "root": false,
                  "rootEmpty": false,
                  "_timeout": 2000
                },
                {
                  "uuid": "0472ac21-ec65-47ba-a6ac-fa37cf74642b",
                  "title": "kiran user details",
                  "fullFile": "/Users/kiranjoshi/Documents/Nandu/projects/agc-node-api/test/agc.js",
                  "file": "/test/agc.js",
                  "beforeHooks": [],
                  "afterHooks": [],
                  "tests": [
                    {
                      "title": "Should get details for kiran user",
                      "fullTitle": "Common APIs Get user details kiran user details Should get details for kiran user",
                      "timedOut": false,
                      "duration": 3,
                      "state": "passed",
                      "speed": "fast",
                      "pass": true,
                      "fail": false,
                      "pending": false,
                      "context": null,
                      "code": "serv.getUserDetails('kiran')",
                      "err": {},
                      "uuid": "fbc9cce0-faf9-4eed-88b3-ec8b12cf5131",
                      "parentUUID": "0472ac21-ec65-47ba-a6ac-fa37cf74642b",
                      "isHook": false,
                      "skipped": false
                    }
                  ],
                  "suites": [],
                  "passes": [
                    "fbc9cce0-faf9-4eed-88b3-ec8b12cf5131"
                  ],
                  "failures": [],
                  "pending": [],
                  "skipped": [],
                  "duration": 3,
                  "root": false,
                  "rootEmpty": false,
                  "_timeout": 2000
                },
                {
                  "uuid": "2a7641d9-ade5-4280-840e-c834f5965665",
                  "title": "padmapriya user details",
                  "fullFile": "/Users/kiranjoshi/Documents/Nandu/projects/agc-node-api/test/agc.js",
                  "file": "/test/agc.js",
                  "beforeHooks": [],
                  "afterHooks": [],
                  "tests": [
                    {
                      "title": "Should get details for padmapriya user",
                      "fullTitle": "Common APIs Get user details padmapriya user details Should get details for padmapriya user",
                      "timedOut": false,
                      "duration": 1,
                      "state": "passed",
                      "speed": "fast",
                      "pass": true,
                      "fail": false,
                      "pending": false,
                      "context": null,
                      "code": "serv.getUserDetails('padmapriya')",
                      "err": {},
                      "uuid": "f0b013b7-bcbc-4ab4-ba65-a042d0dac909",
                      "parentUUID": "2a7641d9-ade5-4280-840e-c834f5965665",
                      "isHook": false,
                      "skipped": false
                    }
                  ],
                  "suites": [],
                  "passes": [
                    "f0b013b7-bcbc-4ab4-ba65-a042d0dac909"
                  ],
                  "failures": [],
                  "pending": [],
                  "skipped": [],
                  "duration": 1,
                  "root": false,
                  "rootEmpty": false,
                  "_timeout": 2000
                },
                {
                  "uuid": "c0495a57-fe11-4ac0-9ad7-dd565986872b",
                  "title": "joshi user details",
                  "fullFile": "/Users/kiranjoshi/Documents/Nandu/projects/agc-node-api/test/agc.js",
                  "file": "/test/agc.js",
                  "beforeHooks": [],
                  "afterHooks": [],
                  "tests": [
                    {
                      "title": "Should get details for joshi user",
                      "fullTitle": "Common APIs Get user details joshi user details Should get details for joshi user",
                      "timedOut": false,
                      "duration": 1,
                      "state": "passed",
                      "speed": "fast",
                      "pass": true,
                      "fail": false,
                      "pending": false,
                      "context": null,
                      "code": "serv.getUserDetails('joshi')",
                      "err": {},
                      "uuid": "caf1fcf9-2454-4b59-a9d0-c62e9dda35e8",
                      "parentUUID": "c0495a57-fe11-4ac0-9ad7-dd565986872b",
                      "isHook": false,
                      "skipped": false
                    }
                  ],
                  "suites": [],
                  "passes": [
                    "caf1fcf9-2454-4b59-a9d0-c62e9dda35e8"
                  ],
                  "failures": [],
                  "pending": [],
                  "skipped": [],
                  "duration": 1,
                  "root": false,
                  "rootEmpty": false,
                  "_timeout": 2000
                },
                {
                  "uuid": "9f66903f-234a-4f23-91d8-130bfba7b60b",
                  "title": "pp user details",
                  "fullFile": "/Users/kiranjoshi/Documents/Nandu/projects/agc-node-api/test/agc.js",
                  "file": "/test/agc.js",
                  "beforeHooks": [],
                  "afterHooks": [],
                  "tests": [
                    {
                      "title": "Should get details for pp user",
                      "fullTitle": "Common APIs Get user details pp user details Should get details for pp user",
                      "timedOut": false,
                      "duration": 1,
                      "state": "passed",
                      "speed": "fast",
                      "pass": true,
                      "fail": false,
                      "pending": false,
                      "context": null,
                      "code": "serv.getUserDetails('pp')",
                      "err": {},
                      "uuid": "edd1d74f-7aff-423f-8a83-eeb1add9c49c",
                      "parentUUID": "9f66903f-234a-4f23-91d8-130bfba7b60b",
                      "isHook": false,
                      "skipped": false
                    }
                  ],
                  "suites": [],
                  "passes": [
                    "edd1d74f-7aff-423f-8a83-eeb1add9c49c"
                  ],
                  "failures": [],
                  "pending": [],
                  "skipped": [],
                  "duration": 1,
                  "root": false,
                  "rootEmpty": false,
                  "_timeout": 2000
                },
                {
                  "uuid": "12289e29-6bc5-4cbc-87be-a2b920d1e047",
                  "title": "kittu user details",
                  "fullFile": "/Users/kiranjoshi/Documents/Nandu/projects/agc-node-api/test/agc.js",
                  "file": "/test/agc.js",
                  "beforeHooks": [],
                  "afterHooks": [],
                  "tests": [
                    {
                      "title": "Should get details for kittu user",
                      "fullTitle": "Common APIs Get user details kittu user details Should get details for kittu user",
                      "timedOut": false,
                      "duration": 1,
                      "state": "passed",
                      "speed": "fast",
                      "pass": true,
                      "fail": false,
                      "pending": false,
                      "context": null,
                      "code": "serv.getUserDetails('kittu')",
                      "err": {},
                      "uuid": "9e5d013c-48d7-45c9-a3c3-59a4b3dee908",
                      "parentUUID": "12289e29-6bc5-4cbc-87be-a2b920d1e047",
                      "isHook": false,
                      "skipped": false
                    }
                  ],
                  "suites": [],
                  "passes": [
                    "9e5d013c-48d7-45c9-a3c3-59a4b3dee908"
                  ],
                  "failures": [],
                  "pending": [],
                  "skipped": [],
                  "duration": 1,
                  "root": false,
                  "rootEmpty": false,
                  "_timeout": 2000
                },
                {
                  "uuid": "ebf2dd21-3310-4fea-bb69-53c590f45008",
                  "title": "ppriya user details",
                  "fullFile": "/Users/kiranjoshi/Documents/Nandu/projects/agc-node-api/test/agc.js",
                  "file": "/test/agc.js",
                  "beforeHooks": [],
                  "afterHooks": [],
                  "tests": [
                    {
                      "title": "Should get details for ppriya user",
                      "fullTitle": "Common APIs Get user details ppriya user details Should get details for ppriya user",
                      "timedOut": false,
                      "duration": 1,
                      "state": "passed",
                      "speed": "fast",
                      "pass": true,
                      "fail": false,
                      "pending": false,
                      "context": null,
                      "code": "serv.getUserDetails('ppriya')",
                      "err": {},
                      "uuid": "90e2dc91-49a9-4492-a8e1-d7066e369a06",
                      "parentUUID": "ebf2dd21-3310-4fea-bb69-53c590f45008",
                      "isHook": false,
                      "skipped": false
                    }
                  ],
                  "suites": [],
                  "passes": [
                    "90e2dc91-49a9-4492-a8e1-d7066e369a06"
                  ],
                  "failures": [],
                  "pending": [],
                  "skipped": [],
                  "duration": 1,
                  "root": false,
                  "rootEmpty": false,
                  "_timeout": 2000
                }
              ],
              "passes": [],
              "failures": [],
              "pending": [],
              "skipped": [],
              "duration": 0,
              "root": false,
              "rootEmpty": false,
              "_timeout": 2000
            },
            {
              "uuid": "21d8ca6f-c30f-48a7-a263-803a076fa027",
              "title": "Get files for user",
              "fullFile": "/Users/kiranjoshi/Documents/Nandu/projects/agc-node-api/test/agc.js",
              "file": "/test/agc.js",
              "beforeHooks": [],
              "afterHooks": [],
              "tests": [],
              "suites": [
                {
                  "uuid": "e0c32a4f-08b1-4578-bb19-31435c973b54",
                  "title": "Files for priya user",
                  "fullFile": "/Users/kiranjoshi/Documents/Nandu/projects/agc-node-api/test/agc.js",
                  "file": "/test/agc.js",
                  "beforeHooks": [],
                  "afterHooks": [],
                  "tests": [
                    {
                      "title": "Should get files for priya user",
                      "fullTitle": "Common APIs Get files for user Files for priya user Should get files for priya user",
                      "timedOut": false,
                      "duration": 1,
                      "state": "passed",
                      "speed": "fast",
                      "pass": true,
                      "fail": false,
                      "pending": false,
                      "context": null,
                      "code": "serv.getDashboardFiles('priya')",
                      "err": {},
                      "uuid": "f2b2fb76-689f-4f1e-9cf3-5a9c631c4a75",
                      "parentUUID": "e0c32a4f-08b1-4578-bb19-31435c973b54",
                      "isHook": false,
                      "skipped": false
                    }
                  ],
                  "suites": [],
                  "passes": [
                    "f2b2fb76-689f-4f1e-9cf3-5a9c631c4a75"
                  ],
                  "failures": [],
                  "pending": [],
                  "skipped": [],
                  "duration": 1,
                  "root": false,
                  "rootEmpty": false,
                  "_timeout": 2000
                },
                {
                  "uuid": "1855ccbe-cf97-4979-893b-881a52fd6b86",
                  "title": "Files for kiran user",
                  "fullFile": "/Users/kiranjoshi/Documents/Nandu/projects/agc-node-api/test/agc.js",
                  "file": "/test/agc.js",
                  "beforeHooks": [],
                  "afterHooks": [],
                  "tests": [
                    {
                      "title": "Should get files for kiran user",
                      "fullTitle": "Common APIs Get files for user Files for kiran user Should get files for kiran user",
                      "timedOut": false,
                      "duration": 1,
                      "state": "passed",
                      "speed": "fast",
                      "pass": true,
                      "fail": false,
                      "pending": false,
                      "context": null,
                      "code": "serv.getDashboardFiles('kiran')",
                      "err": {},
                      "uuid": "da987d89-e0e0-43f1-8114-1bf01a44df5b",
                      "parentUUID": "1855ccbe-cf97-4979-893b-881a52fd6b86",
                      "isHook": false,
                      "skipped": false
                    }
                  ],
                  "suites": [],
                  "passes": [
                    "da987d89-e0e0-43f1-8114-1bf01a44df5b"
                  ],
                  "failures": [],
                  "pending": [],
                  "skipped": [],
                  "duration": 1,
                  "root": false,
                  "rootEmpty": false,
                  "_timeout": 2000
                },
                {
                  "uuid": "3b235095-858a-4df3-b016-969019f537e5",
                  "title": "Files for padmapriya user",
                  "fullFile": "/Users/kiranjoshi/Documents/Nandu/projects/agc-node-api/test/agc.js",
                  "file": "/test/agc.js",
                  "beforeHooks": [],
                  "afterHooks": [],
                  "tests": [
                    {
                      "title": "Should get files for padmapriya user",
                      "fullTitle": "Common APIs Get files for user Files for padmapriya user Should get files for padmapriya user",
                      "timedOut": false,
                      "duration": 2,
                      "state": "passed",
                      "speed": "fast",
                      "pass": true,
                      "fail": false,
                      "pending": false,
                      "context": null,
                      "code": "serv.getDashboardFiles('padmapriya')",
                      "err": {},
                      "uuid": "0dac5ae4-010c-4472-a3a3-eb0b7c2a2c9a",
                      "parentUUID": "3b235095-858a-4df3-b016-969019f537e5",
                      "isHook": false,
                      "skipped": false
                    }
                  ],
                  "suites": [],
                  "passes": [
                    "0dac5ae4-010c-4472-a3a3-eb0b7c2a2c9a"
                  ],
                  "failures": [],
                  "pending": [],
                  "skipped": [],
                  "duration": 2,
                  "root": false,
                  "rootEmpty": false,
                  "_timeout": 2000
                },
                {
                  "uuid": "391aad0b-db51-4db1-a6b1-678dbf70d3bf",
                  "title": "Files for joshi user",
                  "fullFile": "/Users/kiranjoshi/Documents/Nandu/projects/agc-node-api/test/agc.js",
                  "file": "/test/agc.js",
                  "beforeHooks": [],
                  "afterHooks": [],
                  "tests": [
                    {
                      "title": "Should get files for joshi user",
                      "fullTitle": "Common APIs Get files for user Files for joshi user Should get files for joshi user",
                      "timedOut": false,
                      "duration": 2,
                      "state": "passed",
                      "speed": "fast",
                      "pass": true,
                      "fail": false,
                      "pending": false,
                      "context": null,
                      "code": "serv.getDashboardFiles('joshi')",
                      "err": {},
                      "uuid": "e66ad1df-f836-4056-af3f-034ec172ed44",
                      "parentUUID": "391aad0b-db51-4db1-a6b1-678dbf70d3bf",
                      "isHook": false,
                      "skipped": false
                    }
                  ],
                  "suites": [],
                  "passes": [
                    "e66ad1df-f836-4056-af3f-034ec172ed44"
                  ],
                  "failures": [],
                  "pending": [],
                  "skipped": [],
                  "duration": 2,
                  "root": false,
                  "rootEmpty": false,
                  "_timeout": 2000
                },
                {
                  "uuid": "bfd52561-ba11-4574-bd14-20a38972d9da",
                  "title": "Files for pp user",
                  "fullFile": "/Users/kiranjoshi/Documents/Nandu/projects/agc-node-api/test/agc.js",
                  "file": "/test/agc.js",
                  "beforeHooks": [],
                  "afterHooks": [],
                  "tests": [
                    {
                      "title": "Should get files for pp user",
                      "fullTitle": "Common APIs Get files for user Files for pp user Should get files for pp user",
                      "timedOut": false,
                      "duration": 0,
                      "state": "passed",
                      "speed": "fast",
                      "pass": true,
                      "fail": false,
                      "pending": false,
                      "context": null,
                      "code": "serv.getDashboardFiles('pp')",
                      "err": {},
                      "uuid": "4953dbac-2210-4fc2-9b18-0ee81306c89c",
                      "parentUUID": "bfd52561-ba11-4574-bd14-20a38972d9da",
                      "isHook": false,
                      "skipped": false
                    }
                  ],
                  "suites": [],
                  "passes": [
                    "4953dbac-2210-4fc2-9b18-0ee81306c89c"
                  ],
                  "failures": [],
                  "pending": [],
                  "skipped": [],
                  "duration": 0,
                  "root": false,
                  "rootEmpty": false,
                  "_timeout": 2000
                },
                {
                  "uuid": "0866df4f-41a6-4a01-967c-f0786e26571d",
                  "title": "Files for kittu user",
                  "fullFile": "/Users/kiranjoshi/Documents/Nandu/projects/agc-node-api/test/agc.js",
                  "file": "/test/agc.js",
                  "beforeHooks": [],
                  "afterHooks": [],
                  "tests": [
                    {
                      "title": "Should get files for kittu user",
                      "fullTitle": "Common APIs Get files for user Files for kittu user Should get files for kittu user",
                      "timedOut": false,
                      "duration": 1,
                      "state": "passed",
                      "speed": "fast",
                      "pass": true,
                      "fail": false,
                      "pending": false,
                      "context": null,
                      "code": "serv.getDashboardFiles('kittu')",
                      "err": {},
                      "uuid": "34edbd3e-ef71-4e1d-8454-9b81cd0c9bab",
                      "parentUUID": "0866df4f-41a6-4a01-967c-f0786e26571d",
                      "isHook": false,
                      "skipped": false
                    }
                  ],
                  "suites": [],
                  "passes": [
                    "34edbd3e-ef71-4e1d-8454-9b81cd0c9bab"
                  ],
                  "failures": [],
                  "pending": [],
                  "skipped": [],
                  "duration": 1,
                  "root": false,
                  "rootEmpty": false,
                  "_timeout": 2000
                },
                {
                  "uuid": "65d50d48-79ea-42d7-804a-55fe67197a18",
                  "title": "Files for ppriya user",
                  "fullFile": "/Users/kiranjoshi/Documents/Nandu/projects/agc-node-api/test/agc.js",
                  "file": "/test/agc.js",
                  "beforeHooks": [],
                  "afterHooks": [],
                  "tests": [
                    {
                      "title": "Should get files for ppriya user",
                      "fullTitle": "Common APIs Get files for user Files for ppriya user Should get files for ppriya user",
                      "timedOut": false,
                      "duration": 1,
                      "state": "passed",
                      "speed": "fast",
                      "pass": true,
                      "fail": false,
                      "pending": false,
                      "context": null,
                      "code": "serv.getDashboardFiles('ppriya')",
                      "err": {},
                      "uuid": "8ed48503-1b16-4e72-b618-53d4159b3b8f",
                      "parentUUID": "65d50d48-79ea-42d7-804a-55fe67197a18",
                      "isHook": false,
                      "skipped": false
                    }
                  ],
                  "suites": [],
                  "passes": [
                    "8ed48503-1b16-4e72-b618-53d4159b3b8f"
                  ],
                  "failures": [],
                  "pending": [],
                  "skipped": [],
                  "duration": 1,
                  "root": false,
                  "rootEmpty": false,
                  "_timeout": 2000
                }
              ],
              "passes": [],
              "failures": [],
              "pending": [],
              "skipped": [],
              "duration": 0,
              "root": false,
              "rootEmpty": false,
              "_timeout": 2000
            },
            {
              "uuid": "9f6ac0c6-8df1-411d-ad61-911e6e27bff2",
              "title": "Get requests for user",
              "fullFile": "/Users/kiranjoshi/Documents/Nandu/projects/agc-node-api/test/agc.js",
              "file": "/test/agc.js",
              "beforeHooks": [],
              "afterHooks": [],
              "tests": [],
              "suites": [
                {
                  "uuid": "bfb813a0-9bcd-4eb0-9e2c-4ec2c3f36b07",
                  "title": "Requests for priya user",
                  "fullFile": "/Users/kiranjoshi/Documents/Nandu/projects/agc-node-api/test/agc.js",
                  "file": "/test/agc.js",
                  "beforeHooks": [],
                  "afterHooks": [],
                  "tests": [
                    {
                      "title": "Should get details for priya user",
                      "fullTitle": "Common APIs Get requests for user Requests for priya user Should get details for priya user",
                      "timedOut": false,
                      "duration": 0,
                      "state": "passed",
                      "speed": "fast",
                      "pass": true,
                      "fail": false,
                      "pending": false,
                      "context": null,
                      "code": "serv.getDashboardRequests('priya')",
                      "err": {},
                      "uuid": "b68bbc73-f155-43ad-88af-df459b448386",
                      "parentUUID": "bfb813a0-9bcd-4eb0-9e2c-4ec2c3f36b07",
                      "isHook": false,
                      "skipped": false
                    }
                  ],
                  "suites": [],
                  "passes": [
                    "b68bbc73-f155-43ad-88af-df459b448386"
                  ],
                  "failures": [],
                  "pending": [],
                  "skipped": [],
                  "duration": 0,
                  "root": false,
                  "rootEmpty": false,
                  "_timeout": 2000
                },
                {
                  "uuid": "4b37e9ec-4dc6-4ef9-a600-1aef1cae4eaa",
                  "title": "Requests for kiran user",
                  "fullFile": "/Users/kiranjoshi/Documents/Nandu/projects/agc-node-api/test/agc.js",
                  "file": "/test/agc.js",
                  "beforeHooks": [],
                  "afterHooks": [],
                  "tests": [
                    {
                      "title": "Should get details for kiran user",
                      "fullTitle": "Common APIs Get requests for user Requests for kiran user Should get details for kiran user",
                      "timedOut": false,
                      "duration": 1,
                      "state": "passed",
                      "speed": "fast",
                      "pass": true,
                      "fail": false,
                      "pending": false,
                      "context": null,
                      "code": "serv.getDashboardRequests('kiran')",
                      "err": {},
                      "uuid": "6ce2cd57-4347-44c3-a242-c86a867e8748",
                      "parentUUID": "4b37e9ec-4dc6-4ef9-a600-1aef1cae4eaa",
                      "isHook": false,
                      "skipped": false
                    }
                  ],
                  "suites": [],
                  "passes": [
                    "6ce2cd57-4347-44c3-a242-c86a867e8748"
                  ],
                  "failures": [],
                  "pending": [],
                  "skipped": [],
                  "duration": 1,
                  "root": false,
                  "rootEmpty": false,
                  "_timeout": 2000
                },
                {
                  "uuid": "79f49152-13e2-4559-b065-b201448906b3",
                  "title": "Requests for padmapriya user",
                  "fullFile": "/Users/kiranjoshi/Documents/Nandu/projects/agc-node-api/test/agc.js",
                  "file": "/test/agc.js",
                  "beforeHooks": [],
                  "afterHooks": [],
                  "tests": [
                    {
                      "title": "Should get details for padmapriya user",
                      "fullTitle": "Common APIs Get requests for user Requests for padmapriya user Should get details for padmapriya user",
                      "timedOut": false,
                      "duration": 1,
                      "state": "passed",
                      "speed": "fast",
                      "pass": true,
                      "fail": false,
                      "pending": false,
                      "context": null,
                      "code": "serv.getDashboardRequests('padmapriya')",
                      "err": {},
                      "uuid": "7c6c3591-9642-4a6f-91a0-397c939f296d",
                      "parentUUID": "79f49152-13e2-4559-b065-b201448906b3",
                      "isHook": false,
                      "skipped": false
                    }
                  ],
                  "suites": [],
                  "passes": [
                    "7c6c3591-9642-4a6f-91a0-397c939f296d"
                  ],
                  "failures": [],
                  "pending": [],
                  "skipped": [],
                  "duration": 1,
                  "root": false,
                  "rootEmpty": false,
                  "_timeout": 2000
                },
                {
                  "uuid": "c2460c5f-4708-400d-9ece-839777a34a4b",
                  "title": "Requests for joshi user",
                  "fullFile": "/Users/kiranjoshi/Documents/Nandu/projects/agc-node-api/test/agc.js",
                  "file": "/test/agc.js",
                  "beforeHooks": [],
                  "afterHooks": [],
                  "tests": [
                    {
                      "title": "Should get details for joshi user",
                      "fullTitle": "Common APIs Get requests for user Requests for joshi user Should get details for joshi user",
                      "timedOut": false,
                      "duration": 1,
                      "state": "passed",
                      "speed": "fast",
                      "pass": true,
                      "fail": false,
                      "pending": false,
                      "context": null,
                      "code": "serv.getDashboardRequests('joshi')",
                      "err": {},
                      "uuid": "adddc3dc-f354-4cd0-a886-d34736540b2f",
                      "parentUUID": "c2460c5f-4708-400d-9ece-839777a34a4b",
                      "isHook": false,
                      "skipped": false
                    }
                  ],
                  "suites": [],
                  "passes": [
                    "adddc3dc-f354-4cd0-a886-d34736540b2f"
                  ],
                  "failures": [],
                  "pending": [],
                  "skipped": [],
                  "duration": 1,
                  "root": false,
                  "rootEmpty": false,
                  "_timeout": 2000
                },
                {
                  "uuid": "7c802fa6-f725-47af-a97c-ee170f6b3aa5",
                  "title": "Requests for pp user",
                  "fullFile": "/Users/kiranjoshi/Documents/Nandu/projects/agc-node-api/test/agc.js",
                  "file": "/test/agc.js",
                  "beforeHooks": [],
                  "afterHooks": [],
                  "tests": [
                    {
                      "title": "Should get details for pp user",
                      "fullTitle": "Common APIs Get requests for user Requests for pp user Should get details for pp user",
                      "timedOut": false,
                      "duration": 1,
                      "state": "passed",
                      "speed": "fast",
                      "pass": true,
                      "fail": false,
                      "pending": false,
                      "context": null,
                      "code": "serv.getDashboardRequests('pp')",
                      "err": {},
                      "uuid": "538c0081-8002-4947-8b28-870fe47c6c90",
                      "parentUUID": "7c802fa6-f725-47af-a97c-ee170f6b3aa5",
                      "isHook": false,
                      "skipped": false
                    }
                  ],
                  "suites": [],
                  "passes": [
                    "538c0081-8002-4947-8b28-870fe47c6c90"
                  ],
                  "failures": [],
                  "pending": [],
                  "skipped": [],
                  "duration": 1,
                  "root": false,
                  "rootEmpty": false,
                  "_timeout": 2000
                },
                {
                  "uuid": "94b86db2-4f0a-4057-9cbb-5ef1d95f9424",
                  "title": "Requests for kittu user",
                  "fullFile": "/Users/kiranjoshi/Documents/Nandu/projects/agc-node-api/test/agc.js",
                  "file": "/test/agc.js",
                  "beforeHooks": [],
                  "afterHooks": [],
                  "tests": [
                    {
                      "title": "Should get details for kittu user",
                      "fullTitle": "Common APIs Get requests for user Requests for kittu user Should get details for kittu user",
                      "timedOut": false,
                      "duration": 1,
                      "state": "passed",
                      "speed": "fast",
                      "pass": true,
                      "fail": false,
                      "pending": false,
                      "context": null,
                      "code": "serv.getDashboardRequests('kittu')",
                      "err": {},
                      "uuid": "fbebd37c-d027-42e9-91d6-68565998a8c6",
                      "parentUUID": "94b86db2-4f0a-4057-9cbb-5ef1d95f9424",
                      "isHook": false,
                      "skipped": false
                    }
                  ],
                  "suites": [],
                  "passes": [
                    "fbebd37c-d027-42e9-91d6-68565998a8c6"
                  ],
                  "failures": [],
                  "pending": [],
                  "skipped": [],
                  "duration": 1,
                  "root": false,
                  "rootEmpty": false,
                  "_timeout": 2000
                },
                {
                  "uuid": "e2c91b8f-f5dc-4eb4-871b-8b1ad45c4ef7",
                  "title": "Requests for ppriya user",
                  "fullFile": "/Users/kiranjoshi/Documents/Nandu/projects/agc-node-api/test/agc.js",
                  "file": "/test/agc.js",
                  "beforeHooks": [],
                  "afterHooks": [],
                  "tests": [
                    {
                      "title": "Should get details for ppriya user",
                      "fullTitle": "Common APIs Get requests for user Requests for ppriya user Should get details for ppriya user",
                      "timedOut": false,
                      "duration": 1,
                      "state": "passed",
                      "speed": "fast",
                      "pass": true,
                      "fail": false,
                      "pending": false,
                      "context": null,
                      "code": "serv.getDashboardRequests('ppriya')",
                      "err": {},
                      "uuid": "6e7c9002-3e2e-4621-b51e-d0f41312b415",
                      "parentUUID": "e2c91b8f-f5dc-4eb4-871b-8b1ad45c4ef7",
                      "isHook": false,
                      "skipped": false
                    }
                  ],
                  "suites": [],
                  "passes": [
                    "6e7c9002-3e2e-4621-b51e-d0f41312b415"
                  ],
                  "failures": [],
                  "pending": [],
                  "skipped": [],
                  "duration": 1,
                  "root": false,
                  "rootEmpty": false,
                  "_timeout": 2000
                }
              ],
              "passes": [],
              "failures": [],
              "pending": [],
              "skipped": [],
              "duration": 0,
              "root": false,
              "rootEmpty": false,
              "_timeout": 2000
            }
          ],
          "passes": [],
          "failures": [],
          "pending": [],
          "skipped": [],
          "duration": 0,
          "root": false,
          "rootEmpty": false,
          "_timeout": 2000
        },
        {
          "uuid": "f249c211-22ed-4788-aaca-631202d0959f",
          "title": "Master Data APIs",
          "fullFile": "/Users/kiranjoshi/Documents/Nandu/projects/agc-node-api/test/master.js",
          "file": "/test/master.js",
          "beforeHooks": [
            {
              "title": "\"before each\" hook in \"Master Data APIs\"",
              "fullTitle": "Master Data APIs \"before each\" hook in \"Master Data APIs\"",
              "timedOut": false,
              "duration": 0,
              "state": null,
              "speed": null,
              "pass": false,
              "fail": false,
              "pending": false,
              "context": null,
              "code": "totalCases++;",
              "err": {},
              "uuid": "6b1100e1-3fdb-4f2f-92e6-070fb2211de8",
              "parentUUID": "f249c211-22ed-4788-aaca-631202d0959f",
              "isHook": true,
              "skipped": false
            }
          ],
          "afterHooks": [
            {
              "title": "\"after all\" hook in \"Master Data APIs\"",
              "fullTitle": "Master Data APIs \"after all\" hook in \"Master Data APIs\"",
              "timedOut": false,
              "duration": 1,
              "state": null,
              "speed": null,
              "pass": false,
              "fail": false,
              "pending": false,
              "context": null,
              "code": "console.log(`Total test cases - ${totalCases}`)",
              "err": {},
              "uuid": "cb2c1210-8a3c-469e-bbea-414f4fcca473",
              "parentUUID": "f249c211-22ed-4788-aaca-631202d0959f",
              "isHook": true,
              "skipped": false
            }
          ],
          "tests": [],
          "suites": [
            {
              "uuid": "7b66e7aa-04b5-4682-ac18-4bda2dce7c2c",
              "title": "Get master data",
              "fullFile": "/Users/kiranjoshi/Documents/Nandu/projects/agc-node-api/test/master.js",
              "file": "/test/master.js",
              "beforeHooks": [],
              "afterHooks": [],
              "tests": [],
              "suites": [
                {
                  "uuid": "e76d31ed-6bef-41ba-865b-71800c2d0ccc",
                  "title": "Should fetch master data by type",
                  "fullFile": "/Users/kiranjoshi/Documents/Nandu/projects/agc-node-api/test/master.js",
                  "file": "/test/master.js",
                  "beforeHooks": [],
                  "afterHooks": [],
[...]
                    "960c1338-c7eb-4c85-a4da-0c4821704218",
                    "f86a04dd-6361-4164-a99d-a2f856226459",
                    "18cbb7f5-a637-480d-8c15-9fcf2fdf4264",
                    "a603c94a-ffc6-46d0-b6b4-daa095d9cba0",
                    "067b2c39-57ad-4864-b0b9-f08be5c86722",
                    "075cf7f6-16b7-4d04-9139-be1936409817",
                    "69a552ec-0e39-471e-843d-a56d892addfb",
                    "6d2ed862-5a0e-4fcf-9266-cc93446fe603",
                    "661e9794-279d-4399-9092-a53518b063a0",
                    "054a8141-a349-411d-b124-5d85f7c92376",
                    "65fa0bba-17f6-46b2-b187-c41c5547971f",
                    "cceb3c74-b0ed-4a16-92e5-7274a5dafbe3",
                    "aff1a0ee-8191-4a1f-b804-f562b19c7acc",
                    "30d7dedf-c9e3-49e7-8830-391805a6188e",
                    "ed500959-4fae-402c-b96d-52cfa4224c26",
                    "5eecf11b-0b8b-4f59-ad88-e01434d9d058",
                    "e59b3cb4-d42a-4884-b8a3-ba5c16c6a18b",
                    "2adb6575-d53d-4e13-a81b-b831ddefc128",
                    "8211331b-e438-42d1-8837-0bf5cab5177c",
                    "42b4a916-8dcf-4094-8ad1-e075f72ebafc",
                    "fb5f9973-8832-4df9-b304-a1df24f57604",
                    "e234e2f3-949a-4a22-8d8c-bf25da395284",
                    "1d5865b2-5c0b-4898-9aba-e3fe47890683",
                    "d21d5bc1-e00e-45d7-9996-71273bbbfbf4",
                    "3458eb70-403e-4a4f-b19b-824a2d30a20b",
                    "16d3bb0e-9c44-44ac-b779-635ef1ca24da",
                    "28f2f485-4fc1-4b7d-afd9-6ce9def2c7b6",
                    "e1888388-04db-4ad8-bb63-9dcfa337642c",
                    "3a75a0a5-573b-40f4-8b05-e45fd565141e",
                    "592e210b-6094-4b7b-b673-3d30c85b4f0f",
                    "8e918d82-8671-4ab3-abbd-55a72e4c6e85",
                    "cc2ca948-7241-491c-b92e-936a11f40896",
                    "8d2da113-d61f-448d-b242-d5034745548c",
                    "7ffe75ed-0eee-4a1c-bbcc-8927e0804712",
                    "cca997c3-b0ac-4709-85d8-b4df45ec45e8",
                    "169e2f74-0e5a-4f95-8be6-5e43562d9f92",
                    "0beba6a0-744f-45a9-96e7-b7439b90a178",
                    "52763b9e-a5ac-4105-9904-fd6a98325b0d",
                    "5f33023d-538e-4755-8edb-6fdfd60f4f35",
                    "a5bb547f-5f29-4da7-a550-7fcf5963948f",
                    "737c89fb-2490-4366-b35c-060996c120cf",
                    "8c3ee159-7281-4273-a8b7-72fd3ad8bc7e",
                    "d11bc909-39f5-4cd4-a54a-ab6535879a25",
                    "2bd11134-f23b-4388-bd7d-ecd6d25407da",
                    "8b8a9a6f-99ef-4330-861b-0f4b3902e76c",
                    "1059d058-e473-4a94-b467-94933aa79912",
                    "702a8621-5d78-4ee6-a072-a96bd0b2e8d1",
                    "d420caa8-c137-4a54-9030-fe7274e67fbf",
                    "36767688-c4d4-4e71-aefe-e7d93b312ce9",
                    "9365c364-5d2a-4c75-9aae-7b70524f1853",
                    "438190ab-7603-486c-b0eb-e5e2c31cbe5f",
                    "6ae9bfb9-5282-4cf2-91fa-9176637af92f",
                    "962555ae-83bd-4bea-ac13-e02256760edc",
                    "20a620b7-d2d3-4a10-be57-efa1c1921bb6",
                    "dd5a5722-0b55-4976-9294-c4f4b38881b9",
                    "2b841a1e-ec29-431c-b63f-19a5162cb863",
                    "011081b4-7165-49b5-9325-dbf09458a461",
                    "788fc01f-a0b6-406c-b6c9-02e26456ff67",
                    "5ea89720-e703-490e-8239-81bd9ecf534d",
                    "f7ad86e3-f3ba-43c6-b059-59b07d1d115f",
                    "1c68bb1a-6993-4765-84b8-372e6cc2bda4",
                    "0cfac8d4-0503-4f7e-8c52-66b4b4174cde",
                    "398f4d51-b1aa-40f6-9ae9-7223e898ad2c",
                    "3c5f01fd-aa18-43f0-8566-40c93a61371d",
                    "29f995de-330f-4cc4-85ed-be381fa90052",
                    "53bcca7c-e3e3-420b-b3ef-91e423aba042",
                    "37647b75-7bd8-4bf4-9ce4-f5df8414b0ea",
                    "821be9e1-cd02-4559-8014-910bb1e9401f",
                    "7cb1ff9a-4179-4665-8261-3d582e801c3d",
                    "387196d0-6949-4a2e-a9f7-c85597ddc12f",
                    "a10c596a-f3d1-494e-9e4f-1af78e9418f7",
                    "06451e46-bf4c-4a8b-a1cc-6ae9ff60a0c6",
                    "c9f48b56-a239-4131-95e7-0c344c1b907a",
                    "0259be77-108e-43a7-91f5-90aed9ff6335",
                    "ad5b37d6-fb2a-4890-ab1c-00f68cc91e64",
                    "59557ee0-f7db-48eb-9e7b-82cffa4ebe48",
                    "36fecb37-f14a-4334-a870-b83126bb9608",
                    "4ecf003b-415a-4e76-8660-649d789e9966",
                    "02869ea8-8054-4dfc-bece-e40eb2661a31",
                    "1fb830d0-776c-4488-bcd4-aa6f28e8cbe6",
                    "0b82aaa2-c7e1-4424-ace4-c26e0f08846d",
                    "5958a95d-8eff-459a-9492-bca66f7e2245",
                    "32153e48-1632-48bb-9bb3-09f37e6a6909",
                    "b7f1fecc-4549-4b1c-9cdb-eb9111234e6e",
                    "3aa9d6a2-79dd-412c-8257-6b847911c9c5",
                    "496dfeb2-ecc1-41c3-ae33-aea3f68e3f90",
                    "b238035c-e8fb-47a2-88b6-4fff9bcc8389",
                    "8b645c7b-e938-4ef7-99ce-c755becae9a6",
                    "ca69f939-beca-41e0-8a57-b369372d4995",
                    "e72dbf4e-267a-4158-a90b-7e46cb410483",
                    "de4e28a5-d311-44df-a5d5-99e6cbf70cc8",
                    "0ac3b1cf-78b2-4f1c-8a82-4aafda7c91fa",
                    "0b05d0ac-b25c-4b31-8894-9a48aceab1a2",
                    "842e14f5-c354-49c0-95fd-16a13af09002",
                    "6acddcd9-8516-4193-a436-1b3b84d68140",
                    "7345e9b0-f441-426e-aa62-c31034ac4df7",
                    "9ef6296c-bceb-44a5-be03-fa9fe29317d7",
                    "31635b14-e1a0-4c86-a556-44d70d5de9f2",
                    "72493593-8263-4ad0-9c5b-be179561904f",
                    "1185c8f7-90aa-4c97-8473-3c2b8ac12a0d",
                    "14e8f952-8e86-488e-a735-20c8b1f6e3c3",
                    "7c3ed5d1-7214-43d5-af2e-b4503eb7872a",
                    "ac35a2a1-e039-400f-9839-25d47947c2ff",
                    "be9e1191-826c-486d-864d-b4ab9ca0d23a",
                    "18803166-d4c8-4f55-956e-61b80b3e60c5",
                    "29710073-46ec-4136-8483-41bb8578944b",
                    "e899779c-b44d-472d-a570-226dcd1ad1cc",
                    "8f76617c-cd72-43fd-a995-9d0fe902e8df",
                    "650adbe6-2785-4803-a49d-a4f08ddf0b3d",
                    "d9223d53-1819-4931-af56-188d685651bd",
                    "20dfaa5b-1f5f-4930-b443-251d88b4d87e",
                    "593af8fc-ac83-490a-b68b-e5b2c0001823",
                    "00b991ba-a587-4358-bfba-9b065eebdb11",
                    "9c2588f2-ee12-4e8e-afab-31cf7f6160f6",
                    "7ece274f-1fa1-4c6c-b7b4-6c156c413f6f",
                    "1bbd8dc1-f058-42df-8cba-77bfce1aff86",
                    "bb3ac4f8-504e-4042-8bfb-b01f46ba6e09",
                    "1459ecb3-05b5-4f8c-9b27-e05a8a288c77",
                    "bb08c8c3-b16a-44aa-83d7-f65e4fad9a3d",
                    "de8c0ce7-763e-4a76-9bdc-ba7aee725746",
                    "0294765f-a14e-4166-b5e9-3841a5e38484",
                    "6463e339-ae72-4dc4-bc35-acf462d3a879",
                    "4024e871-b05f-4a0a-9a63-c5157485e264",
                    "7cd05614-2c8b-47c1-b0de-73d12d2361d0",
                    "814e5e89-8155-4a68-a4e7-9968beeef709",
                    "2c02468f-86e9-4df8-b88a-78bab290f465",
                    "b71c1632-fa48-4a2d-a116-3fa95a458db9",
                    "e792a038-c813-4762-aea5-41cc3160f6c2",
                    "2a92a6c9-776e-4045-af8b-920da3c0fb74",
                    "f19ac815-836d-4e14-bec4-ff0ce3cb55a8",
                    "ce7c9993-b3fc-4739-9a81-048772502f3b",
                    "5cd434e9-7062-46de-99e2-79735d097e11",
                    "110e8178-dcbc-4d15-9386-ab4df4e9636b",
                    "5a1f1881-2e55-4567-8829-f4eeaee24c0d",
                    "d3fadbc7-db7c-4a4c-9e2a-3e417e4accd0",
                    "4648a2f1-6e18-43ae-b31c-e595fc0c2718",
                    "7d37b626-c7cc-4c1c-91ab-d5f2b45b2bbe",
                    "1c4482a1-419f-41cd-a99c-9b3fdcf2080b",
                    "be2919e7-9a69-4c81-8318-e10856e684e8",
                    "ea584118-45f5-4194-ac46-c164555846b6",
                    "7119af39-8058-4bd7-8551-f3a210e1c1d3",
                    "9658a872-bb48-4749-945a-582603aac786",
                    "769a19ad-dfa5-45fd-9f60-a96d71c8630f",
                    "edf97dd4-6b0c-4a5e-9d6e-b4bbe8534cd9",
                    "47ca9334-4bc2-4362-87fb-a38db50b95f9",
                    "476ea1f5-25fe-435b-a137-4c163bf9869d",
                    "334edd10-3330-434a-9d36-6c94735690fc",
                    "b5d00d1e-eb4f-45b9-90e2-a2847d2078ae",
                    "d1e21def-cfbb-4405-8c8c-40405f86b837",
                    "17142c7c-f8dd-482e-8377-08d57f0745c8",
                    "8fc6427a-2d79-4702-a494-58e18afd4278",
                    "dc2864ed-b4cc-4484-9239-a490115f9ee7",
                    "15ba8fa2-3c5f-4b2a-8b9a-a0e879e7ea21",
                    "4fc20093-2c8e-4161-94df-1fbf73182638",
                    "5bc44f41-b1ee-408a-abaa-e3af5649090b",
                    "7a996026-2c20-44bb-84b7-c884e6aceb57",
                    "71e66e7e-5bf9-40e0-abc7-f3fa5b6828aa",
                    "1336811a-fb96-4376-890c-2c076cb4fcea",
                    "b5f244a8-249a-44f4-a113-a5d8f8db2cd9"
                  ],
                  "failures": [],
                  "pending": [],
                  "skipped": [],
                  "duration": 150,
                  "root": false,
                  "rootEmpty": false,
                  "_timeout": 2000
                },
                {
                  "uuid": "64501b92-8c34-4479-8a48-44084cbfc2fa",
                  "title": "Fetch master data by types",
                  "fullFile": "/Users/kiranjoshi/Documents/Nandu/projects/agc-node-api/test/master.js",
                  "file": "/test/master.js",
                  "beforeHooks": [],
                  "afterHooks": [],
                  "tests": [
                    {
                      "title": "Get all master data by passing multiple types",
                      "fullTitle": "Master Data APIs Get master data Fetch master data by types Get all master data by passing multiple types",
                      "timedOut": false,
                      "duration": 1,
                      "state": "passed",
                      "speed": "fast",
                      "pass": true,
                      "fail": false,
                      "pending": false,
                      "context": null,
                      "code": "serv.getMasterDataByTypes('AGENCY_NAME_FOREIGN, AGENCY_TYPE_FOREIGN,'+ \n            'CASE_ACTIVITY_TYPE, CASE_COMPLEXITY, CASE_FATF, CASE_STATUS, COUNTRY, DEPARTMENT, DOCUMENT_TYPE, EXTERNAL_AGENCY_NAME, EXTERNAL_AGENCY_TYPE,'+ \n            'FILE_DIVISION, FILE_HEADER1, FILE_HEADER2, FILE_ORIGIN, FILE_YEAR, MLA_CASE_SUB_TYPE, MLA_CASE_TYPE, REQUEST_COMPLEXITY, REQUEST_MODE,'+ \n            'REQUEST_STATUS, REQUEST_TYPE, REQUEST_URGENCY, REQUESTED_UNDER, ROOT_CODE, SECURITY_CLASSIFICATION')",
                      "err": {},
                      "uuid": "5999390c-ae91-4794-92c3-493b01b2a1d3",
                      "parentUUID": "64501b92-8c34-4479-8a48-44084cbfc2fa",
                      "isHook": false,
                      "skipped": false
                    }
                  ],
                  "suites": [],
                  "passes": [
                    "5999390c-ae91-4794-92c3-493b01b2a1d3"
                  ],
                  "failures": [],
                  "pending": [],
                  "skipped": [],
                  "duration": 1,
                  "root": false,
                  "rootEmpty": false,
                  "_timeout": 2000
                },
                {
                  "uuid": "4ce96223-d3f9-4412-8191-f9d7594f9385",
                  "title": "Fetch master data by codes",
                  "fullFile": "/Users/kiranjoshi/Documents/Nandu/projects/agc-node-api/test/master.js",
                  "file": "/test/master.js",
                  "beforeHooks": [],
                  "afterHooks": [],
                  "tests": [
                    {
                      "title": "Get all master data by passing multiple codes",
                      "fullTitle": "Master Data APIs Get master data Fetch master data by codes Get all master data by passing multiple codes",
                      "timedOut": false,
                      "duration": 1,
                      "state": "passed",
                      "speed": "fast",
                      "pass": true,
                      "fail": false,
                      "pending": false,
                      "context": null,
                      "code": "serv.getMasterDataByCodes('2019, 2020, 2021, 2022, 2023, ADDR_F, ADDR_L, ADVISORY,'+\n            ' AGENCY_NAME_FOREIGN_1_1, AGENCY_NAME_FOREIGN_1_2, AGENCY_NAME_FOREIGN_1_3, AGENCY_NAME_FOREIGN_1_4, AGENCY_NAME_FOREIGN_1_5, '+\n            'AGENCY_NAME_FOREIGN_2_1, AGENCY_NAME_FOREIGN_2_2, AGENCY_NAME_FOREIGN_2_3, AGENCY_NAME_FOREIGN_2_4, AGENCY_NAME_FOREIGN_2_5, AGENCY_NAME_FOREIGN_3_1, '+\n            'AGENCY_NAME_FOREIGN_3_2, AGENCY_NAME_FOREIGN_3_3, AGENCY_NAME_FOREIGN_3_4, AGENCY_NAME_FOREIGN_3_5, AGENCY_NAME_FOREIGN_4_1, AGENCY_NAME_FOREIGN_4_2, '+\n            'AGENCY_NAME_FOREIGN_4_3, AGENCY_NAME_FOREIGN_4_4, AGENCY_NAME_FOREIGN_4_5, AGENCY_NAME_FOREIGN_5_1, AGENCY_NAME_FOREIGN_5_2, AGENCY_NAME_FOREIGN_5_3, '+\n            'AGENCY_NAME_FOREIGN_5_4, AGENCY_NAME_FOREIGN_5_5, AGENCY_TYPE_FOREIGN_1, AGENCY_TYPE_FOREIGN_2, AGENCY_TYPE_FOREIGN_3, AGENCY_TYPE_FOREIGN_4, '+\n            'AGENCY_TYPE_FOREIGN_5, CASE_ACTIVITY_TYPE_1, CASE_ACTIVITY_TYPE_2, CASE_ACTIVITY_TYPE_3, CASE_ACTIVITY_TYPE_4, CASE_ACTIVITY_TYPE_5, CASE_COMPLEXITY_1, '+\n            'CASE_COMPLEXITY_2, CASE_COMPLEXITY_3, CASE_COMPLEXITY_4, CASE_COMPLEXITY_5, CASE_FATF_1, CASE_FATF_2, CASE_FATF_3, CASE_FATF_4, CASE_FATF_5, CASE_STATUS_1, '+\n            'CASE_STATUS_2, CASE_STATUS_3, CIRCULATION OFFICER, COUNTRY_1, COUNTRY_2, COUNTRY_3, COUNTRY_4, COUNTRY_5, CSTAT_DO, CSTAT_O, D1, D2, D3, '+\n            'EXTERNAL_AGENCY_NAME_1_1, EXTERNAL_AGENCY_NAME_1_2, EXTERNAL_AGENCY_NAME_1_3, EXTERNAL_AGENCY_NAME_1_4, EXTERNAL_AGENCY_NAME_1_5, EXTERNAL_AGENCY_NAME_2_1, '+\n            'EXTERNAL_AGENCY_NAME_2_2, EXTERNAL_AGENCY_NAME_2_3, EXTERNAL_AGENCY_NAME_2_4, EXTERNAL_AGENCY_NAME_2_5, EXTERNAL_AGENCY_NAME_3_1, EXTERNAL_AGENCY_NAME_3_2, '+\n            'EXTERNAL_AGENCY_NAME_3_3, EXTERNAL_AGENCY_NAME_3_4, EXTERNAL_AGENCY_NAME_3_5, EXTERNAL_AGENCY_NAME_4_1, EXTERNAL_AGENCY_NAME_4_2, EXTERNAL_AGENCY_NAME_4_3, '+\n            'EXTERNAL_AGENCY_NAME_4_4, EXTERNAL_AGENCY_NAME_4_5, EXTERNAL_AGENCY_NAME_5_1, EXTERNAL_AGENCY_NAME_5_2, EXTERNAL_AGENCY_NAME_5_3, EXTERNAL_AGENCY_NAME_5_4, '+\n            'EXTERNAL_AGENCY_NAME_5_5, EXTERNAL_AGENCY_TYPE_1, EXTERNAL_AGENCY_TYPE_2, EXTERNAL_AGENCY_TYPE_3, EXTERNAL_AGENCY_TYPE_4, EXTERNAL_AGENCY_TYPE_5, EXTR-F, '+\n            'EXTR-T, EXTRADITION, EXTRADITION_CASE, FILE_DIVISION_1_DOC_1, FILE_DIVISION_1_DOC_2, FILE_DIVISION_1_DOC_3, FILE_DIVISION_1_DOC_4, FILE_DIVISION_1_DOC_5, '+\n            'FILE_DIVISION_2_DOC_1, FILE_DIVISION_2_DOC_2, FILE_DIVISION_2_DOC_3, FILE_DIVISION_2_DOC_4, FILE_DIVISION_2_DOC_5, FILE_DIVISION_3_DOC_1, FILE_DIVISION_3_DOC_2, '+\n            'FILE_DIVISION_3_DOC_3, FILE_DIVISION_3_DOC_4, FILE_DIVISION_3_DOC_5, FILE_DIVISION_4, FILE_DIVISION_4_DOC_1, FILE_DIVISION_4_DOC_2, FILE_DIVISION_4_DOC_3, '+\n            'FILE_DIVISION_4_DOC_4, FILE_DIVISION_4_DOC_5, FILE_DIVISION_5, FILE_DIVISION_5_DOC_1, FILE_DIVISION_5_DOC_2, FILE_DIVISION_5_DOC_3, FILE_DIVISION_5_DOC_4, '+\n            'FILE_DIVISION_5_DOC_5, FILE_HEADER1_1_2, FILE_HEADER1_1_3, FILE_HEADER1_1_4, FILE_HEADER1_1_5, FILE_HEADER1_2_2, FILE_HEADER1_2_3, FILE_HEADER1_2_4, '+\n            'FILE_HEADER1_2_5, FILE_HEADER1_3_2, FILE_HEADER1_3_3, FILE_HEADER1_3_4, FILE_HEADER1_3_5, FILE_HEADER1_4_1, FILE_HEADER1_4_2, FILE_HEADER1_4_3, FILE_HEADER1_4_4, '+\n            'FILE_HEADER1_4_5, FILE_HEADER1_5_1, FILE_HEADER1_5_2, FILE_HEADER1_5_3, FILE_HEADER1_5_4, FILE_HEADER1_5_5, FILE_HEADER2_1_2, FILE_HEADER2_1_3, FILE_HEADER2_1_4, '+\n            'FILE_HEADER2_2_3, FILE_HEADER2_2_4, FILE_HEADER2_2_5, FILE_HEADER2_3_1, FILE_HEADER2_3_2, FILE_HEADER2_3_3, FILE_HEADER2_3_4, FILE_HEADER2_3_5, FILE_HEADER2_4_1, '+\n            'FILE_HEADER2_4_2, FILE_HEADER2_4_3, FILE_HEADER2_4_4, FILE_HEADER2_4_5, FILE_HEADER2_5_1, FILE_HEADER2_5_2, FILE_HEADER2_5_3, FILE_HEADER2_5_4, FILE_HEADER2_5_5, '+\n            'I, LEGAL OFFICER, MLA, MLA_CASE, MLA_CASE_SUB_TYPE_1_3, MLA_CASE_SUB_TYPE_1_4, MLA_CASE_SUB_TYPE_1_5, MLA_CASE_SUB_TYPE_2_1, MLA_CASE_SUB_TYPE_2_2, '+\n            'MLA_CASE_SUB_TYPE_2_3, MLA_CASE_SUB_TYPE_2_4, MLA_CASE_SUB_TYPE_2_5, MLA_CASE_SUB_TYPE_3_1, MLA_CASE_SUB_TYPE_3_2, MLA_CASE_SUB_TYPE_3_3, MLA_CASE_SUB_TYPE_3_4, '+\n            'MLA_CASE_SUB_TYPE_3_5, MLA_CASE_SUB_TYPE_4_1, MLA_CASE_SUB_TYPE_4_2, MLA_CASE_SUB_TYPE_4_3, MLA_CASE_SUB_TYPE_4_4, MLA_CASE_SUB_TYPE_4_5, MLA_CASE_SUB_TYPE_5_1, '+\n            'MLA_CASE_SUB_TYPE_5_2, MLA_CASE_SUB_TYPE_5_3, MLA_CASE_SUB_TYPE_5_4, MLA_CASE_SUB_TYPE_5_5, MLA_CASE_TYPE_3, MLA_CASE_TYPE_4, MLA_CASE_TYPE_5, MLA-F, MLA-T, O, '+\n            'REGISTRY (IAD), REQUEST_COMPLEXITY_1, REQUEST_COMPLEXITY_2, REQUEST_COMPLEXITY_3, REQUEST_COMPLEXITY_4, REQUEST_COMPLEXITY_5, REQUEST_MODE_1, REQUEST_MODE_2, '+\n            'REQUEST_MODE_3, REQUEST_MODE_4, REQUEST_MODE_5, REQUESTED_UNDER_1, REQUESTED_UNDER_2, REQUESTED_UNDER_3, REQUESTED_UNDER_4, REQUESTED_UNDER_5, '+\n            'REQUESTED_UNDER_6, ROOT_CODE_1, RSTAT_A, RSTAT_C, RSTAT_D, RSTAT_O, RSTAT_R, RSTAT_RJ, RTYPE_ADV, RTYPE_CCL, RTYPE_MLA, RURGENT_NU, RURGENT_U, RURGENT_VU, '+\n            'SECURITY_CLASSIFICATION_1, SECURITY_CLASSIFICATION_2, SECURITY_CLASSIFICATION_3, SECURITY_CLASSIFICATION_4, SECURITY_CLASSIFICATION_5')",
                      "err": {},
                      "uuid": "f1b1823a-d1e3-4432-a25a-a9aa75281c63",
                      "parentUUID": "4ce96223-d3f9-4412-8191-f9d7594f9385",
                      "isHook": false,
                      "skipped": false
                    }
                  ],
                  "suites": [],
                  "passes": [
                    "f1b1823a-d1e3-4432-a25a-a9aa75281c63"
                  ],
                  "failures": [],
                  "pending": [],
                  "skipped": [],
                  "duration": 1,
                  "root": false,
                  "rootEmpty": false,
                  "_timeout": 2000
                }
              ],
              "passes": [],
              "failures": [],
              "pending": [],
              "skipped": [],
              "duration": 0,
              "root": false,
              "rootEmpty": false,
              "_timeout": 2000
            }
          ],
          "passes": [],
          "failures": [],
          "pending": [],
          "skipped": [],
          "duration": 0,
          "root": false,
          "rootEmpty": false,
          "_timeout": 2000
        }
      ],
      "passes": [],
      "failures": [],
      "pending": [],
      "skipped": [],
      "duration": 0,
      "root": true,
      "rootEmpty": true,
      "_timeout": 2000
    }
  ],
  "meta": {
    "mocha": {
      "version": "10.2.0"
    },
    "mochawesome": {
      "options": {
        "quiet": false,
        "reportFilename": "mochawesome",
        "saveHtml": true,
        "saveJson": true,
        "consoleReporter": "spec",
        "useInlineDiffs": false,
        "code": true
      },
      "version": "7.1.3"
    },
    "marge": {
      "options": null,
      "version": "6.2.0"
    }
  }
}